The system is: Linux - 5.15.0-127-generic - x86_64
Compiling the C compiler identification source file "CMakeCCompilerId.c" succeeded.
Compiler: /usr/bin/cc 
Build flags: 
Id flags:  

The output was:
0


Compilation of the C compiler identification source "CMakeCCompilerId.c" produced "a.out"

The C compiler identification is Clang, found in "/home/wmonacho/Documents/Project_42/In_Progress_Project/Snow-Crash/level02/wireshark-4.4.3/CMakeFiles/3.22.1/CompilerIdC/a.out"

Compiling the CXX compiler identification source file "CMakeCXXCompilerId.cpp" succeeded.
Compiler: /usr/bin/c++ 
Build flags: 
Id flags:  

The output was:
0


Compilation of the CXX compiler identification source "CMakeCXXCompilerId.cpp" produced "a.out"

The CXX compiler identification is Clang, found in "/home/wmonacho/Documents/Project_42/In_Progress_Project/Snow-Crash/level02/wireshark-4.4.3/CMakeFiles/3.22.1/CompilerIdCXX/a.out"

Detecting C compiler ABI info compiled with the following output:
Change Dir: /home/wmonacho/Documents/Project_42/In_Progress_Project/Snow-Crash/level02/wireshark-4.4.3/CMakeFiles/CMakeTmp

Run Build Command(s):/usr/bin/gmake -f Makefile cmTC_00581/fast && /usr/bin/gmake  -f CMakeFiles/cmTC_00581.dir/build.make CMakeFiles/cmTC_00581.dir/build
gmake[1]: Entering directory '/home/wmonacho/Documents/Project_42/In_Progress_Project/Snow-Crash/level02/wireshark-4.4.3/CMakeFiles/CMakeTmp'
Building C object CMakeFiles/cmTC_00581.dir/CMakeCCompilerABI.c.o
/usr/bin/cc   -v -MD -MT CMakeFiles/cmTC_00581.dir/CMakeCCompilerABI.c.o -MF CMakeFiles/cmTC_00581.dir/CMakeCCompilerABI.c.o.d -o CMakeFiles/cmTC_00581.dir/CMakeCCompilerABI.c.o -c /usr/share/cmake-3.22/Modules/CMakeCCompilerABI.c
Ubuntu clang version 12.0.1-19ubuntu3
Target: x86_64-pc-linux-gnu
Thread model: posix
InstalledDir: /usr/bin
Found candidate GCC installation: /usr/bin/../lib/gcc/x86_64-linux-gnu/10
Found candidate GCC installation: /usr/bin/../lib/gcc/x86_64-linux-gnu/11
Found candidate GCC installation: /usr/bin/../lib/gcc/x86_64-linux-gnu/12
Found candidate GCC installation: /usr/lib/gcc/x86_64-linux-gnu/10
Found candidate GCC installation: /usr/lib/gcc/x86_64-linux-gnu/11
Found candidate GCC installation: /usr/lib/gcc/x86_64-linux-gnu/12
Selected GCC installation: /usr/bin/../lib/gcc/x86_64-linux-gnu/12
Candidate multilib: .;@m64
Selected multilib: .;@m64
 (in-process)
 "/usr/lib/llvm-12/bin/clang" -cc1 -triple x86_64-pc-linux-gnu -emit-obj -mrelax-all --mrelax-relocations -disable-free -disable-llvm-verifier -discard-value-names -main-file-name CMakeCCompilerABI.c -mrelocation-model static -mframe-pointer=all -fmath-errno -fno-rounding-math -mconstructor-aliases -munwind-tables -target-cpu x86-64 -tune-cpu generic -fno-split-dwarf-inlining -debugger-tuning=gdb -v -resource-dir /usr/lib/llvm-12/lib/clang/12.0.1 -dependency-file CMakeFiles/cmTC_00581.dir/CMakeCCompilerABI.c.o.d -MT CMakeFiles/cmTC_00581.dir/CMakeCCompilerABI.c.o -sys-header-deps -internal-isystem /usr/local/include -internal-isystem /usr/lib/llvm-12/lib/clang/12.0.1/include -internal-externc-isystem /usr/include/x86_64-linux-gnu -internal-externc-isystem /include -internal-externc-isystem /usr/include -fdebug-compilation-dir /home/wmonacho/Documents/Project_42/In_Progress_Project/Snow-Crash/level02/wireshark-4.4.3/CMakeFiles/CMakeTmp -ferror-limit 19 -fgnuc-version=4.2.1 -faddrsig -o CMakeFiles/cmTC_00581.dir/CMakeCCompilerABI.c.o -x c /usr/share/cmake-3.22/Modules/CMakeCCompilerABI.c
clang -cc1 version 12.0.1 based upon LLVM 12.0.1 default target x86_64-pc-linux-gnu
ignoring nonexistent directory "/include"
#include "..." search starts here:
#include <...> search starts here:
 /usr/local/include
 /usr/lib/llvm-12/lib/clang/12.0.1/include
 /usr/include/x86_64-linux-gnu
 /usr/include
End of search list.
Linking C executable cmTC_00581
/usr/bin/cmake -E cmake_link_script CMakeFiles/cmTC_00581.dir/link.txt --verbose=1
/usr/bin/cc  -v CMakeFiles/cmTC_00581.dir/CMakeCCompilerABI.c.o -o cmTC_00581 
Ubuntu clang version 12.0.1-19ubuntu3
Target: x86_64-pc-linux-gnu
Thread model: posix
InstalledDir: /usr/bin
Found candidate GCC installation: /usr/bin/../lib/gcc/x86_64-linux-gnu/10
Found candidate GCC installation: /usr/bin/../lib/gcc/x86_64-linux-gnu/11
Found candidate GCC installation: /usr/bin/../lib/gcc/x86_64-linux-gnu/12
Found candidate GCC installation: /usr/lib/gcc/x86_64-linux-gnu/10
Found candidate GCC installation: /usr/lib/gcc/x86_64-linux-gnu/11
Found candidate GCC installation: /usr/lib/gcc/x86_64-linux-gnu/12
Selected GCC installation: /usr/bin/../lib/gcc/x86_64-linux-gnu/12
Candidate multilib: .;@m64
Selected multilib: .;@m64
 "/usr/bin/ld" --build-id --eh-frame-hdr -m elf_x86_64 -dynamic-linker /lib64/ld-linux-x86-64.so.2 -o cmTC_00581 /usr/bin/../lib/gcc/x86_64-linux-gnu/12/../../../x86_64-linux-gnu/crt1.o /usr/bin/../lib/gcc/x86_64-linux-gnu/12/../../../x86_64-linux-gnu/crti.o /usr/bin/../lib/gcc/x86_64-linux-gnu/12/crtbegin.o -L/usr/bin/../lib/gcc/x86_64-linux-gnu/12 -L/usr/bin/../lib/gcc/x86_64-linux-gnu/12/../../../x86_64-linux-gnu -L/usr/bin/../lib/gcc/x86_64-linux-gnu/12/../../../../lib64 -L/lib/x86_64-linux-gnu -L/lib/../lib64 -L/usr/lib/x86_64-linux-gnu -L/usr/lib/../lib64 -L/usr/lib/x86_64-linux-gnu/../../lib64 -L/usr/bin/../lib/gcc/x86_64-linux-gnu/12/../../.. -L/usr/lib/llvm-12/bin/../lib -L/lib -L/usr/lib CMakeFiles/cmTC_00581.dir/CMakeCCompilerABI.c.o -lgcc --as-needed -lgcc_s --no-as-needed -lc -lgcc --as-needed -lgcc_s --no-as-needed /usr/bin/../lib/gcc/x86_64-linux-gnu/12/crtend.o /usr/bin/../lib/gcc/x86_64-linux-gnu/12/../../../x86_64-linux-gnu/crtn.o
gmake[1]: Leaving directory '/home/wmonacho/Documents/Project_42/In_Progress_Project/Snow-Crash/level02/wireshark-4.4.3/CMakeFiles/CMakeTmp'



Parsed C implicit include dir info from above output: rv=done
  found start of include info
  found start of implicit include info
    add: [/usr/local/include]
    add: [/usr/lib/llvm-12/lib/clang/12.0.1/include]
    add: [/usr/include/x86_64-linux-gnu]
    add: [/usr/include]
  end of search list found
  collapse include dir [/usr/local/include] ==> [/usr/local/include]
  collapse include dir [/usr/lib/llvm-12/lib/clang/12.0.1/include] ==> [/usr/lib/llvm-12/lib/clang/12.0.1/include]
  collapse include dir [/usr/include/x86_64-linux-gnu] ==> [/usr/include/x86_64-linux-gnu]
  collapse include dir [/usr/include] ==> [/usr/include]
  implicit include dirs: [/usr/local/include;/usr/lib/llvm-12/lib/clang/12.0.1/include;/usr/include/x86_64-linux-gnu;/usr/include]


Parsed C implicit link information from above output:
  link line regex: [^( *|.*[/\])(ld|CMAKE_LINK_STARTFILE-NOTFOUND|([^/\]+-)?ld|collect2)[^/\]*( |$)]
  ignore line: [Change Dir: /home/wmonacho/Documents/Project_42/In_Progress_Project/Snow-Crash/level02/wireshark-4.4.3/CMakeFiles/CMakeTmp]
  ignore line: []
  ignore line: [Run Build Command(s):/usr/bin/gmake -f Makefile cmTC_00581/fast && /usr/bin/gmake  -f CMakeFiles/cmTC_00581.dir/build.make CMakeFiles/cmTC_00581.dir/build]
  ignore line: [gmake[1]: Entering directory '/home/wmonacho/Documents/Project_42/In_Progress_Project/Snow-Crash/level02/wireshark-4.4.3/CMakeFiles/CMakeTmp']
  ignore line: [Building C object CMakeFiles/cmTC_00581.dir/CMakeCCompilerABI.c.o]
  ignore line: [/usr/bin/cc   -v -MD -MT CMakeFiles/cmTC_00581.dir/CMakeCCompilerABI.c.o -MF CMakeFiles/cmTC_00581.dir/CMakeCCompilerABI.c.o.d -o CMakeFiles/cmTC_00581.dir/CMakeCCompilerABI.c.o -c /usr/share/cmake-3.22/Modules/CMakeCCompilerABI.c]
  ignore line: [Ubuntu clang version 12.0.1-19ubuntu3]
  ignore line: [Target: x86_64-pc-linux-gnu]
  ignore line: [Thread model: posix]
  ignore line: [InstalledDir: /usr/bin]
  ignore line: [Found candidate GCC installation: /usr/bin/../lib/gcc/x86_64-linux-gnu/10]
  ignore line: [Found candidate GCC installation: /usr/bin/../lib/gcc/x86_64-linux-gnu/11]
  ignore line: [Found candidate GCC installation: /usr/bin/../lib/gcc/x86_64-linux-gnu/12]
  ignore line: [Found candidate GCC installation: /usr/lib/gcc/x86_64-linux-gnu/10]
  ignore line: [Found candidate GCC installation: /usr/lib/gcc/x86_64-linux-gnu/11]
  ignore line: [Found candidate GCC installation: /usr/lib/gcc/x86_64-linux-gnu/12]
  ignore line: [Selected GCC installation: /usr/bin/../lib/gcc/x86_64-linux-gnu/12]
  ignore line: [Candidate multilib: .]
  ignore line: [@m64]
  ignore line: [Selected multilib: .]
  ignore line: [@m64]
  ignore line: [ (in-process)]
  ignore line: [ "/usr/lib/llvm-12/bin/clang" -cc1 -triple x86_64-pc-linux-gnu -emit-obj -mrelax-all --mrelax-relocations -disable-free -disable-llvm-verifier -discard-value-names -main-file-name CMakeCCompilerABI.c -mrelocation-model static -mframe-pointer=all -fmath-errno -fno-rounding-math -mconstructor-aliases -munwind-tables -target-cpu x86-64 -tune-cpu generic -fno-split-dwarf-inlining -debugger-tuning=gdb -v -resource-dir /usr/lib/llvm-12/lib/clang/12.0.1 -dependency-file CMakeFiles/cmTC_00581.dir/CMakeCCompilerABI.c.o.d -MT CMakeFiles/cmTC_00581.dir/CMakeCCompilerABI.c.o -sys-header-deps -internal-isystem /usr/local/include -internal-isystem /usr/lib/llvm-12/lib/clang/12.0.1/include -internal-externc-isystem /usr/include/x86_64-linux-gnu -internal-externc-isystem /include -internal-externc-isystem /usr/include -fdebug-compilation-dir /home/wmonacho/Documents/Project_42/In_Progress_Project/Snow-Crash/level02/wireshark-4.4.3/CMakeFiles/CMakeTmp -ferror-limit 19 -fgnuc-version=4.2.1 -faddrsig -o CMakeFiles/cmTC_00581.dir/CMakeCCompilerABI.c.o -x c /usr/share/cmake-3.22/Modules/CMakeCCompilerABI.c]
  ignore line: [clang -cc1 version 12.0.1 based upon LLVM 12.0.1 default target x86_64-pc-linux-gnu]
  ignore line: [ignoring nonexistent directory "/include"]
  ignore line: [#include "..." search starts here:]
  ignore line: [#include <...> search starts here:]
  ignore line: [ /usr/local/include]
  ignore line: [ /usr/lib/llvm-12/lib/clang/12.0.1/include]
  ignore line: [ /usr/include/x86_64-linux-gnu]
  ignore line: [ /usr/include]
  ignore line: [End of search list.]
  ignore line: [Linking C executable cmTC_00581]
  ignore line: [/usr/bin/cmake -E cmake_link_script CMakeFiles/cmTC_00581.dir/link.txt --verbose=1]
  ignore line: [/usr/bin/cc  -v CMakeFiles/cmTC_00581.dir/CMakeCCompilerABI.c.o -o cmTC_00581 ]
  ignore line: [Ubuntu clang version 12.0.1-19ubuntu3]
  ignore line: [Target: x86_64-pc-linux-gnu]
  ignore line: [Thread model: posix]
  ignore line: [InstalledDir: /usr/bin]
  ignore line: [Found candidate GCC installation: /usr/bin/../lib/gcc/x86_64-linux-gnu/10]
  ignore line: [Found candidate GCC installation: /usr/bin/../lib/gcc/x86_64-linux-gnu/11]
  ignore line: [Found candidate GCC installation: /usr/bin/../lib/gcc/x86_64-linux-gnu/12]
  ignore line: [Found candidate GCC installation: /usr/lib/gcc/x86_64-linux-gnu/10]
  ignore line: [Found candidate GCC installation: /usr/lib/gcc/x86_64-linux-gnu/11]
  ignore line: [Found candidate GCC installation: /usr/lib/gcc/x86_64-linux-gnu/12]
  ignore line: [Selected GCC installation: /usr/bin/../lib/gcc/x86_64-linux-gnu/12]
  ignore line: [Candidate multilib: .]
  ignore line: [@m64]
  ignore line: [Selected multilib: .]
  ignore line: [@m64]
  link line: [ "/usr/bin/ld" --build-id --eh-frame-hdr -m elf_x86_64 -dynamic-linker /lib64/ld-linux-x86-64.so.2 -o cmTC_00581 /usr/bin/../lib/gcc/x86_64-linux-gnu/12/../../../x86_64-linux-gnu/crt1.o /usr/bin/../lib/gcc/x86_64-linux-gnu/12/../../../x86_64-linux-gnu/crti.o /usr/bin/../lib/gcc/x86_64-linux-gnu/12/crtbegin.o -L/usr/bin/../lib/gcc/x86_64-linux-gnu/12 -L/usr/bin/../lib/gcc/x86_64-linux-gnu/12/../../../x86_64-linux-gnu -L/usr/bin/../lib/gcc/x86_64-linux-gnu/12/../../../../lib64 -L/lib/x86_64-linux-gnu -L/lib/../lib64 -L/usr/lib/x86_64-linux-gnu -L/usr/lib/../lib64 -L/usr/lib/x86_64-linux-gnu/../../lib64 -L/usr/bin/../lib/gcc/x86_64-linux-gnu/12/../../.. -L/usr/lib/llvm-12/bin/../lib -L/lib -L/usr/lib CMakeFiles/cmTC_00581.dir/CMakeCCompilerABI.c.o -lgcc --as-needed -lgcc_s --no-as-needed -lc -lgcc --as-needed -lgcc_s --no-as-needed /usr/bin/../lib/gcc/x86_64-linux-gnu/12/crtend.o /usr/bin/../lib/gcc/x86_64-linux-gnu/12/../../../x86_64-linux-gnu/crtn.o]
    arg [/usr/bin/ld] ==> ignore
    arg [--build-id] ==> ignore
    arg [--eh-frame-hdr] ==> ignore
    arg [-m] ==> ignore
    arg [elf_x86_64] ==> ignore
    arg [-dynamic-linker] ==> ignore
    arg [/lib64/ld-linux-x86-64.so.2] ==> ignore
    arg [-o] ==> ignore
    arg [cmTC_00581] ==> ignore
    arg [/usr/bin/../lib/gcc/x86_64-linux-gnu/12/../../../x86_64-linux-gnu/crt1.o] ==> obj [/usr/bin/../lib/gcc/x86_64-linux-gnu/12/../../../x86_64-linux-gnu/crt1.o]
    arg [/usr/bin/../lib/gcc/x86_64-linux-gnu/12/../../../x86_64-linux-gnu/crti.o] ==> obj [/usr/bin/../lib/gcc/x86_64-linux-gnu/12/../../../x86_64-linux-gnu/crti.o]
    arg [/usr/bin/../lib/gcc/x86_64-linux-gnu/12/crtbegin.o] ==> obj [/usr/bin/../lib/gcc/x86_64-linux-gnu/12/crtbegin.o]
    arg [-L/usr/bin/../lib/gcc/x86_64-linux-gnu/12] ==> dir [/usr/bin/../lib/gcc/x86_64-linux-gnu/12]
    arg [-L/usr/bin/../lib/gcc/x86_64-linux-gnu/12/../../../x86_64-linux-gnu] ==> dir [/usr/bin/../lib/gcc/x86_64-linux-gnu/12/../../../x86_64-linux-gnu]
    arg [-L/usr/bin/../lib/gcc/x86_64-linux-gnu/12/../../../../lib64] ==> dir [/usr/bin/../lib/gcc/x86_64-linux-gnu/12/../../../../lib64]
    arg [-L/lib/x86_64-linux-gnu] ==> dir [/lib/x86_64-linux-gnu]
    arg [-L/lib/../lib64] ==> dir [/lib/../lib64]
    arg [-L/usr/lib/x86_64-linux-gnu] ==> dir [/usr/lib/x86_64-linux-gnu]
    arg [-L/usr/lib/../lib64] ==> dir [/usr/lib/../lib64]
    arg [-L/usr/lib/x86_64-linux-gnu/../../lib64] ==> dir [/usr/lib/x86_64-linux-gnu/../../lib64]
    arg [-L/usr/bin/../lib/gcc/x86_64-linux-gnu/12/../../..] ==> dir [/usr/bin/../lib/gcc/x86_64-linux-gnu/12/../../..]
    arg [-L/usr/lib/llvm-12/bin/../lib] ==> dir [/usr/lib/llvm-12/bin/../lib]
    arg [-L/lib] ==> dir [/lib]
    arg [-L/usr/lib] ==> dir [/usr/lib]
    arg [CMakeFiles/cmTC_00581.dir/CMakeCCompilerABI.c.o] ==> ignore
    arg [-lgcc] ==> lib [gcc]
    arg [--as-needed] ==> ignore
    arg [-lgcc_s] ==> lib [gcc_s]
    arg [--no-as-needed] ==> ignore
    arg [-lc] ==> lib [c]
    arg [-lgcc] ==> lib [gcc]
    arg [--as-needed] ==> ignore
    arg [-lgcc_s] ==> lib [gcc_s]
    arg [--no-as-needed] ==> ignore
    arg [/usr/bin/../lib/gcc/x86_64-linux-gnu/12/crtend.o] ==> obj [/usr/bin/../lib/gcc/x86_64-linux-gnu/12/crtend.o]
    arg [/usr/bin/../lib/gcc/x86_64-linux-gnu/12/../../../x86_64-linux-gnu/crtn.o] ==> obj [/usr/bin/../lib/gcc/x86_64-linux-gnu/12/../../../x86_64-linux-gnu/crtn.o]
  collapse obj [/usr/bin/../lib/gcc/x86_64-linux-gnu/12/../../../x86_64-linux-gnu/crt1.o] ==> [/usr/lib/x86_64-linux-gnu/crt1.o]
  collapse obj [/usr/bin/../lib/gcc/x86_64-linux-gnu/12/../../../x86_64-linux-gnu/crti.o] ==> [/usr/lib/x86_64-linux-gnu/crti.o]
  collapse obj [/usr/bin/../lib/gcc/x86_64-linux-gnu/12/crtbegin.o] ==> [/usr/lib/gcc/x86_64-linux-gnu/12/crtbegin.o]
  collapse obj [/usr/bin/../lib/gcc/x86_64-linux-gnu/12/crtend.o] ==> [/usr/lib/gcc/x86_64-linux-gnu/12/crtend.o]
  collapse obj [/usr/bin/../lib/gcc/x86_64-linux-gnu/12/../../../x86_64-linux-gnu/crtn.o] ==> [/usr/lib/x86_64-linux-gnu/crtn.o]
  collapse library dir [/usr/bin/../lib/gcc/x86_64-linux-gnu/12] ==> [/usr/lib/gcc/x86_64-linux-gnu/12]
  collapse library dir [/usr/bin/../lib/gcc/x86_64-linux-gnu/12/../../../x86_64-linux-gnu] ==> [/usr/lib/x86_64-linux-gnu]
  collapse library dir [/usr/bin/../lib/gcc/x86_64-linux-gnu/12/../../../../lib64] ==> [/usr/lib64]
  collapse library dir [/lib/x86_64-linux-gnu] ==> [/lib/x86_64-linux-gnu]
  collapse library dir [/lib/../lib64] ==> [/lib64]
  collapse library dir [/usr/lib/x86_64-linux-gnu] ==> [/usr/lib/x86_64-linux-gnu]
  collapse library dir [/usr/lib/../lib64] ==> [/usr/lib64]
  collapse library dir [/usr/lib/x86_64-linux-gnu/../../lib64] ==> [/usr/lib64]
  collapse library dir [/usr/bin/../lib/gcc/x86_64-linux-gnu/12/../../..] ==> [/usr/lib]
  collapse library dir [/usr/lib/llvm-12/bin/../lib] ==> [/usr/lib/llvm-12/lib]
  collapse library dir [/lib] ==> [/lib]
  collapse library dir [/usr/lib] ==> [/usr/lib]
  implicit libs: [gcc;gcc_s;c;gcc;gcc_s]
  implicit objs: [/usr/lib/x86_64-linux-gnu/crt1.o;/usr/lib/x86_64-linux-gnu/crti.o;/usr/lib/gcc/x86_64-linux-gnu/12/crtbegin.o;/usr/lib/gcc/x86_64-linux-gnu/12/crtend.o;/usr/lib/x86_64-linux-gnu/crtn.o]
  implicit dirs: [/usr/lib/gcc/x86_64-linux-gnu/12;/usr/lib/x86_64-linux-gnu;/usr/lib64;/lib/x86_64-linux-gnu;/lib64;/usr/lib;/usr/lib/llvm-12/lib;/lib]
  implicit fwks: []


Detecting CXX compiler ABI info compiled with the following output:
Change Dir: /home/wmonacho/Documents/Project_42/In_Progress_Project/Snow-Crash/level02/wireshark-4.4.3/CMakeFiles/CMakeTmp

Run Build Command(s):/usr/bin/gmake -f Makefile cmTC_f1f05/fast && /usr/bin/gmake  -f CMakeFiles/cmTC_f1f05.dir/build.make CMakeFiles/cmTC_f1f05.dir/build
gmake[1]: Entering directory '/home/wmonacho/Documents/Project_42/In_Progress_Project/Snow-Crash/level02/wireshark-4.4.3/CMakeFiles/CMakeTmp'
Building CXX object CMakeFiles/cmTC_f1f05.dir/CMakeCXXCompilerABI.cpp.o
/usr/bin/c++   -v -MD -MT CMakeFiles/cmTC_f1f05.dir/CMakeCXXCompilerABI.cpp.o -MF CMakeFiles/cmTC_f1f05.dir/CMakeCXXCompilerABI.cpp.o.d -o CMakeFiles/cmTC_f1f05.dir/CMakeCXXCompilerABI.cpp.o -c /usr/share/cmake-3.22/Modules/CMakeCXXCompilerABI.cpp
Ubuntu clang version 12.0.1-19ubuntu3
Target: x86_64-pc-linux-gnu
Thread model: posix
InstalledDir: /usr/bin
Found candidate GCC installation: /usr/bin/../lib/gcc/x86_64-linux-gnu/10
Found candidate GCC installation: /usr/bin/../lib/gcc/x86_64-linux-gnu/11
Found candidate GCC installation: /usr/bin/../lib/gcc/x86_64-linux-gnu/12
Found candidate GCC installation: /usr/lib/gcc/x86_64-linux-gnu/10
Found candidate GCC installation: /usr/lib/gcc/x86_64-linux-gnu/11
Found candidate GCC installation: /usr/lib/gcc/x86_64-linux-gnu/12
Selected GCC installation: /usr/bin/../lib/gcc/x86_64-linux-gnu/12
Candidate multilib: .;@m64
Selected multilib: .;@m64
 (in-process)
 "/usr/lib/llvm-12/bin/clang" -cc1 -triple x86_64-pc-linux-gnu -emit-obj -mrelax-all --mrelax-relocations -disable-free -disable-llvm-verifier -discard-value-names -main-file-name CMakeCXXCompilerABI.cpp -mrelocation-model static -mframe-pointer=all -fmath-errno -fno-rounding-math -mconstructor-aliases -munwind-tables -target-cpu x86-64 -tune-cpu generic -fno-split-dwarf-inlining -debugger-tuning=gdb -v -resource-dir /usr/lib/llvm-12/lib/clang/12.0.1 -dependency-file CMakeFiles/cmTC_f1f05.dir/CMakeCXXCompilerABI.cpp.o.d -MT CMakeFiles/cmTC_f1f05.dir/CMakeCXXCompilerABI.cpp.o -sys-header-deps -internal-isystem /usr/bin/../lib/gcc/x86_64-linux-gnu/12/../../../../include/c++/12 -internal-isystem /usr/bin/../lib/gcc/x86_64-linux-gnu/12/../../../../include/x86_64-linux-gnu/c++/12 -internal-isystem /usr/bin/../lib/gcc/x86_64-linux-gnu/12/../../../../include/x86_64-linux-gnu/c++/12 -internal-isystem /usr/bin/../lib/gcc/x86_64-linux-gnu/12/../../../../include/c++/12/backward -internal-isystem /usr/local/include -internal-isystem /usr/lib/llvm-12/lib/clang/12.0.1/include -internal-externc-isystem /usr/include/x86_64-linux-gnu -internal-externc-isystem /include -internal-externc-isystem /usr/include -fdeprecated-macro -fdebug-compilation-dir /home/wmonacho/Documents/Project_42/In_Progress_Project/Snow-Crash/level02/wireshark-4.4.3/CMakeFiles/CMakeTmp -ferror-limit 19 -fgnuc-version=4.2.1 -fcxx-exceptions -fexceptions -faddrsig -o CMakeFiles/cmTC_f1f05.dir/CMakeCXXCompilerABI.cpp.o -x c++ /usr/share/cmake-3.22/Modules/CMakeCXXCompilerABI.cpp
clang -cc1 version 12.0.1 based upon LLVM 12.0.1 default target x86_64-pc-linux-gnu
ignoring nonexistent directory "/include"
ignoring duplicate directory "/usr/bin/../lib/gcc/x86_64-linux-gnu/12/../../../../include/x86_64-linux-gnu/c++/12"
#include "..." search starts here:
#include <...> search starts here:
 /usr/bin/../lib/gcc/x86_64-linux-gnu/12/../../../../include/c++/12
 /usr/bin/../lib/gcc/x86_64-linux-gnu/12/../../../../include/x86_64-linux-gnu/c++/12
 /usr/bin/../lib/gcc/x86_64-linux-gnu/12/../../../../include/c++/12/backward
 /usr/local/include
 /usr/lib/llvm-12/lib/clang/12.0.1/include
 /usr/include/x86_64-linux-gnu
 /usr/include
End of search list.
Linking CXX executable cmTC_f1f05
/usr/bin/cmake -E cmake_link_script CMakeFiles/cmTC_f1f05.dir/link.txt --verbose=1
/usr/bin/c++  -v CMakeFiles/cmTC_f1f05.dir/CMakeCXXCompilerABI.cpp.o -o cmTC_f1f05 
Ubuntu clang version 12.0.1-19ubuntu3
Target: x86_64-pc-linux-gnu
Thread model: posix
InstalledDir: /usr/bin
Found candidate GCC installation: /usr/bin/../lib/gcc/x86_64-linux-gnu/10
Found candidate GCC installation: /usr/bin/../lib/gcc/x86_64-linux-gnu/11
Found candidate GCC installation: /usr/bin/../lib/gcc/x86_64-linux-gnu/12
Found candidate GCC installation: /usr/lib/gcc/x86_64-linux-gnu/10
Found candidate GCC installation: /usr/lib/gcc/x86_64-linux-gnu/11
Found candidate GCC installation: /usr/lib/gcc/x86_64-linux-gnu/12
Selected GCC installation: /usr/bin/../lib/gcc/x86_64-linux-gnu/12
Candidate multilib: .;@m64
Selected multilib: .;@m64
 "/usr/bin/ld" --build-id --eh-frame-hdr -m elf_x86_64 -dynamic-linker /lib64/ld-linux-x86-64.so.2 -o cmTC_f1f05 /usr/bin/../lib/gcc/x86_64-linux-gnu/12/../../../x86_64-linux-gnu/crt1.o /usr/bin/../lib/gcc/x86_64-linux-gnu/12/../../../x86_64-linux-gnu/crti.o /usr/bin/../lib/gcc/x86_64-linux-gnu/12/crtbegin.o -L/usr/bin/../lib/gcc/x86_64-linux-gnu/12 -L/usr/bin/../lib/gcc/x86_64-linux-gnu/12/../../../x86_64-linux-gnu -L/usr/bin/../lib/gcc/x86_64-linux-gnu/12/../../../../lib64 -L/lib/x86_64-linux-gnu -L/lib/../lib64 -L/usr/lib/x86_64-linux-gnu -L/usr/lib/../lib64 -L/usr/lib/x86_64-linux-gnu/../../lib64 -L/usr/bin/../lib/gcc/x86_64-linux-gnu/12/../../.. -L/usr/lib/llvm-12/bin/../lib -L/lib -L/usr/lib CMakeFiles/cmTC_f1f05.dir/CMakeCXXCompilerABI.cpp.o -lstdc++ -lm -lgcc_s -lgcc -lc -lgcc_s -lgcc /usr/bin/../lib/gcc/x86_64-linux-gnu/12/crtend.o /usr/bin/../lib/gcc/x86_64-linux-gnu/12/../../../x86_64-linux-gnu/crtn.o
gmake[1]: Leaving directory '/home/wmonacho/Documents/Project_42/In_Progress_Project/Snow-Crash/level02/wireshark-4.4.3/CMakeFiles/CMakeTmp'



Parsed CXX implicit include dir info from above output: rv=done
  found start of include info
  found start of implicit include info
    add: [/usr/bin/../lib/gcc/x86_64-linux-gnu/12/../../../../include/c++/12]
    add: [/usr/bin/../lib/gcc/x86_64-linux-gnu/12/../../../../include/x86_64-linux-gnu/c++/12]
    add: [/usr/bin/../lib/gcc/x86_64-linux-gnu/12/../../../../include/c++/12/backward]
    add: [/usr/local/include]
    add: [/usr/lib/llvm-12/lib/clang/12.0.1/include]
    add: [/usr/include/x86_64-linux-gnu]
    add: [/usr/include]
  end of search list found
  collapse include dir [/usr/bin/../lib/gcc/x86_64-linux-gnu/12/../../../../include/c++/12] ==> [/usr/include/c++/12]
  collapse include dir [/usr/bin/../lib/gcc/x86_64-linux-gnu/12/../../../../include/x86_64-linux-gnu/c++/12] ==> [/usr/include/x86_64-linux-gnu/c++/12]
  collapse include dir [/usr/bin/../lib/gcc/x86_64-linux-gnu/12/../../../../include/c++/12/backward] ==> [/usr/include/c++/12/backward]
  collapse include dir [/usr/local/include] ==> [/usr/local/include]
  collapse include dir [/usr/lib/llvm-12/lib/clang/12.0.1/include] ==> [/usr/lib/llvm-12/lib/clang/12.0.1/include]
  collapse include dir [/usr/include/x86_64-linux-gnu] ==> [/usr/include/x86_64-linux-gnu]
  collapse include dir [/usr/include] ==> [/usr/include]
  implicit include dirs: [/usr/include/c++/12;/usr/include/x86_64-linux-gnu/c++/12;/usr/include/c++/12/backward;/usr/local/include;/usr/lib/llvm-12/lib/clang/12.0.1/include;/usr/include/x86_64-linux-gnu;/usr/include]


Parsed CXX implicit link information from above output:
  link line regex: [^( *|.*[/\])(ld|CMAKE_LINK_STARTFILE-NOTFOUND|([^/\]+-)?ld|collect2)[^/\]*( |$)]
  ignore line: [Change Dir: /home/wmonacho/Documents/Project_42/In_Progress_Project/Snow-Crash/level02/wireshark-4.4.3/CMakeFiles/CMakeTmp]
  ignore line: []
  ignore line: [Run Build Command(s):/usr/bin/gmake -f Makefile cmTC_f1f05/fast && /usr/bin/gmake  -f CMakeFiles/cmTC_f1f05.dir/build.make CMakeFiles/cmTC_f1f05.dir/build]
  ignore line: [gmake[1]: Entering directory '/home/wmonacho/Documents/Project_42/In_Progress_Project/Snow-Crash/level02/wireshark-4.4.3/CMakeFiles/CMakeTmp']
  ignore line: [Building CXX object CMakeFiles/cmTC_f1f05.dir/CMakeCXXCompilerABI.cpp.o]
  ignore line: [/usr/bin/c++   -v -MD -MT CMakeFiles/cmTC_f1f05.dir/CMakeCXXCompilerABI.cpp.o -MF CMakeFiles/cmTC_f1f05.dir/CMakeCXXCompilerABI.cpp.o.d -o CMakeFiles/cmTC_f1f05.dir/CMakeCXXCompilerABI.cpp.o -c /usr/share/cmake-3.22/Modules/CMakeCXXCompilerABI.cpp]
  ignore line: [Ubuntu clang version 12.0.1-19ubuntu3]
  ignore line: [Target: x86_64-pc-linux-gnu]
  ignore line: [Thread model: posix]
  ignore line: [InstalledDir: /usr/bin]
  ignore line: [Found candidate GCC installation: /usr/bin/../lib/gcc/x86_64-linux-gnu/10]
  ignore line: [Found candidate GCC installation: /usr/bin/../lib/gcc/x86_64-linux-gnu/11]
  ignore line: [Found candidate GCC installation: /usr/bin/../lib/gcc/x86_64-linux-gnu/12]
  ignore line: [Found candidate GCC installation: /usr/lib/gcc/x86_64-linux-gnu/10]
  ignore line: [Found candidate GCC installation: /usr/lib/gcc/x86_64-linux-gnu/11]
  ignore line: [Found candidate GCC installation: /usr/lib/gcc/x86_64-linux-gnu/12]
  ignore line: [Selected GCC installation: /usr/bin/../lib/gcc/x86_64-linux-gnu/12]
  ignore line: [Candidate multilib: .]
  ignore line: [@m64]
  ignore line: [Selected multilib: .]
  ignore line: [@m64]
  ignore line: [ (in-process)]
  ignore line: [ "/usr/lib/llvm-12/bin/clang" -cc1 -triple x86_64-pc-linux-gnu -emit-obj -mrelax-all --mrelax-relocations -disable-free -disable-llvm-verifier -discard-value-names -main-file-name CMakeCXXCompilerABI.cpp -mrelocation-model static -mframe-pointer=all -fmath-errno -fno-rounding-math -mconstructor-aliases -munwind-tables -target-cpu x86-64 -tune-cpu generic -fno-split-dwarf-inlining -debugger-tuning=gdb -v -resource-dir /usr/lib/llvm-12/lib/clang/12.0.1 -dependency-file CMakeFiles/cmTC_f1f05.dir/CMakeCXXCompilerABI.cpp.o.d -MT CMakeFiles/cmTC_f1f05.dir/CMakeCXXCompilerABI.cpp.o -sys-header-deps -internal-isystem /usr/bin/../lib/gcc/x86_64-linux-gnu/12/../../../../include/c++/12 -internal-isystem /usr/bin/../lib/gcc/x86_64-linux-gnu/12/../../../../include/x86_64-linux-gnu/c++/12 -internal-isystem /usr/bin/../lib/gcc/x86_64-linux-gnu/12/../../../../include/x86_64-linux-gnu/c++/12 -internal-isystem /usr/bin/../lib/gcc/x86_64-linux-gnu/12/../../../../include/c++/12/backward -internal-isystem /usr/local/include -internal-isystem /usr/lib/llvm-12/lib/clang/12.0.1/include -internal-externc-isystem /usr/include/x86_64-linux-gnu -internal-externc-isystem /include -internal-externc-isystem /usr/include -fdeprecated-macro -fdebug-compilation-dir /home/wmonacho/Documents/Project_42/In_Progress_Project/Snow-Crash/level02/wireshark-4.4.3/CMakeFiles/CMakeTmp -ferror-limit 19 -fgnuc-version=4.2.1 -fcxx-exceptions -fexceptions -faddrsig -o CMakeFiles/cmTC_f1f05.dir/CMakeCXXCompilerABI.cpp.o -x c++ /usr/share/cmake-3.22/Modules/CMakeCXXCompilerABI.cpp]
  ignore line: [clang -cc1 version 12.0.1 based upon LLVM 12.0.1 default target x86_64-pc-linux-gnu]
  ignore line: [ignoring nonexistent directory "/include"]
  ignore line: [ignoring duplicate directory "/usr/bin/../lib/gcc/x86_64-linux-gnu/12/../../../../include/x86_64-linux-gnu/c++/12"]
  ignore line: [#include "..." search starts here:]
  ignore line: [#include <...> search starts here:]
  ignore line: [ /usr/bin/../lib/gcc/x86_64-linux-gnu/12/../../../../include/c++/12]
  ignore line: [ /usr/bin/../lib/gcc/x86_64-linux-gnu/12/../../../../include/x86_64-linux-gnu/c++/12]
  ignore line: [ /usr/bin/../lib/gcc/x86_64-linux-gnu/12/../../../../include/c++/12/backward]
  ignore line: [ /usr/local/include]
  ignore line: [ /usr/lib/llvm-12/lib/clang/12.0.1/include]
  ignore line: [ /usr/include/x86_64-linux-gnu]
  ignore line: [ /usr/include]
  ignore line: [End of search list.]
  ignore line: [Linking CXX executable cmTC_f1f05]
  ignore line: [/usr/bin/cmake -E cmake_link_script CMakeFiles/cmTC_f1f05.dir/link.txt --verbose=1]
  ignore line: [/usr/bin/c++  -v CMakeFiles/cmTC_f1f05.dir/CMakeCXXCompilerABI.cpp.o -o cmTC_f1f05 ]
  ignore line: [Ubuntu clang version 12.0.1-19ubuntu3]
  ignore line: [Target: x86_64-pc-linux-gnu]
  ignore line: [Thread model: posix]
  ignore line: [InstalledDir: /usr/bin]
  ignore line: [Found candidate GCC installation: /usr/bin/../lib/gcc/x86_64-linux-gnu/10]
  ignore line: [Found candidate GCC installation: /usr/bin/../lib/gcc/x86_64-linux-gnu/11]
  ignore line: [Found candidate GCC installation: /usr/bin/../lib/gcc/x86_64-linux-gnu/12]
  ignore line: [Found candidate GCC installation: /usr/lib/gcc/x86_64-linux-gnu/10]
  ignore line: [Found candidate GCC installation: /usr/lib/gcc/x86_64-linux-gnu/11]
  ignore line: [Found candidate GCC installation: /usr/lib/gcc/x86_64-linux-gnu/12]
  ignore line: [Selected GCC installation: /usr/bin/../lib/gcc/x86_64-linux-gnu/12]
  ignore line: [Candidate multilib: .]
  ignore line: [@m64]
  ignore line: [Selected multilib: .]
  ignore line: [@m64]
  link line: [ "/usr/bin/ld" --build-id --eh-frame-hdr -m elf_x86_64 -dynamic-linker /lib64/ld-linux-x86-64.so.2 -o cmTC_f1f05 /usr/bin/../lib/gcc/x86_64-linux-gnu/12/../../../x86_64-linux-gnu/crt1.o /usr/bin/../lib/gcc/x86_64-linux-gnu/12/../../../x86_64-linux-gnu/crti.o /usr/bin/../lib/gcc/x86_64-linux-gnu/12/crtbegin.o -L/usr/bin/../lib/gcc/x86_64-linux-gnu/12 -L/usr/bin/../lib/gcc/x86_64-linux-gnu/12/../../../x86_64-linux-gnu -L/usr/bin/../lib/gcc/x86_64-linux-gnu/12/../../../../lib64 -L/lib/x86_64-linux-gnu -L/lib/../lib64 -L/usr/lib/x86_64-linux-gnu -L/usr/lib/../lib64 -L/usr/lib/x86_64-linux-gnu/../../lib64 -L/usr/bin/../lib/gcc/x86_64-linux-gnu/12/../../.. -L/usr/lib/llvm-12/bin/../lib -L/lib -L/usr/lib CMakeFiles/cmTC_f1f05.dir/CMakeCXXCompilerABI.cpp.o -lstdc++ -lm -lgcc_s -lgcc -lc -lgcc_s -lgcc /usr/bin/../lib/gcc/x86_64-linux-gnu/12/crtend.o /usr/bin/../lib/gcc/x86_64-linux-gnu/12/../../../x86_64-linux-gnu/crtn.o]
    arg [/usr/bin/ld] ==> ignore
    arg [--build-id] ==> ignore
    arg [--eh-frame-hdr] ==> ignore
    arg [-m] ==> ignore
    arg [elf_x86_64] ==> ignore
    arg [-dynamic-linker] ==> ignore
    arg [/lib64/ld-linux-x86-64.so.2] ==> ignore
    arg [-o] ==> ignore
    arg [cmTC_f1f05] ==> ignore
    arg [/usr/bin/../lib/gcc/x86_64-linux-gnu/12/../../../x86_64-linux-gnu/crt1.o] ==> obj [/usr/bin/../lib/gcc/x86_64-linux-gnu/12/../../../x86_64-linux-gnu/crt1.o]
    arg [/usr/bin/../lib/gcc/x86_64-linux-gnu/12/../../../x86_64-linux-gnu/crti.o] ==> obj [/usr/bin/../lib/gcc/x86_64-linux-gnu/12/../../../x86_64-linux-gnu/crti.o]
    arg [/usr/bin/../lib/gcc/x86_64-linux-gnu/12/crtbegin.o] ==> obj [/usr/bin/../lib/gcc/x86_64-linux-gnu/12/crtbegin.o]
    arg [-L/usr/bin/../lib/gcc/x86_64-linux-gnu/12] ==> dir [/usr/bin/../lib/gcc/x86_64-linux-gnu/12]
    arg [-L/usr/bin/../lib/gcc/x86_64-linux-gnu/12/../../../x86_64-linux-gnu] ==> dir [/usr/bin/../lib/gcc/x86_64-linux-gnu/12/../../../x86_64-linux-gnu]
    arg [-L/usr/bin/../lib/gcc/x86_64-linux-gnu/12/../../../../lib64] ==> dir [/usr/bin/../lib/gcc/x86_64-linux-gnu/12/../../../../lib64]
    arg [-L/lib/x86_64-linux-gnu] ==> dir [/lib/x86_64-linux-gnu]
    arg [-L/lib/../lib64] ==> dir [/lib/../lib64]
    arg [-L/usr/lib/x86_64-linux-gnu] ==> dir [/usr/lib/x86_64-linux-gnu]
    arg [-L/usr/lib/../lib64] ==> dir [/usr/lib/../lib64]
    arg [-L/usr/lib/x86_64-linux-gnu/../../lib64] ==> dir [/usr/lib/x86_64-linux-gnu/../../lib64]
    arg [-L/usr/bin/../lib/gcc/x86_64-linux-gnu/12/../../..] ==> dir [/usr/bin/../lib/gcc/x86_64-linux-gnu/12/../../..]
    arg [-L/usr/lib/llvm-12/bin/../lib] ==> dir [/usr/lib/llvm-12/bin/../lib]
    arg [-L/lib] ==> dir [/lib]
    arg [-L/usr/lib] ==> dir [/usr/lib]
    arg [CMakeFiles/cmTC_f1f05.dir/CMakeCXXCompilerABI.cpp.o] ==> ignore
    arg [-lstdc++] ==> lib [stdc++]
    arg [-lm] ==> lib [m]
    arg [-lgcc_s] ==> lib [gcc_s]
    arg [-lgcc] ==> lib [gcc]
    arg [-lc] ==> lib [c]
    arg [-lgcc_s] ==> lib [gcc_s]
    arg [-lgcc] ==> lib [gcc]
    arg [/usr/bin/../lib/gcc/x86_64-linux-gnu/12/crtend.o] ==> obj [/usr/bin/../lib/gcc/x86_64-linux-gnu/12/crtend.o]
    arg [/usr/bin/../lib/gcc/x86_64-linux-gnu/12/../../../x86_64-linux-gnu/crtn.o] ==> obj [/usr/bin/../lib/gcc/x86_64-linux-gnu/12/../../../x86_64-linux-gnu/crtn.o]
  collapse obj [/usr/bin/../lib/gcc/x86_64-linux-gnu/12/../../../x86_64-linux-gnu/crt1.o] ==> [/usr/lib/x86_64-linux-gnu/crt1.o]
  collapse obj [/usr/bin/../lib/gcc/x86_64-linux-gnu/12/../../../x86_64-linux-gnu/crti.o] ==> [/usr/lib/x86_64-linux-gnu/crti.o]
  collapse obj [/usr/bin/../lib/gcc/x86_64-linux-gnu/12/crtbegin.o] ==> [/usr/lib/gcc/x86_64-linux-gnu/12/crtbegin.o]
  collapse obj [/usr/bin/../lib/gcc/x86_64-linux-gnu/12/crtend.o] ==> [/usr/lib/gcc/x86_64-linux-gnu/12/crtend.o]
  collapse obj [/usr/bin/../lib/gcc/x86_64-linux-gnu/12/../../../x86_64-linux-gnu/crtn.o] ==> [/usr/lib/x86_64-linux-gnu/crtn.o]
  collapse library dir [/usr/bin/../lib/gcc/x86_64-linux-gnu/12] ==> [/usr/lib/gcc/x86_64-linux-gnu/12]
  collapse library dir [/usr/bin/../lib/gcc/x86_64-linux-gnu/12/../../../x86_64-linux-gnu] ==> [/usr/lib/x86_64-linux-gnu]
  collapse library dir [/usr/bin/../lib/gcc/x86_64-linux-gnu/12/../../../../lib64] ==> [/usr/lib64]
  collapse library dir [/lib/x86_64-linux-gnu] ==> [/lib/x86_64-linux-gnu]
  collapse library dir [/lib/../lib64] ==> [/lib64]
  collapse library dir [/usr/lib/x86_64-linux-gnu] ==> [/usr/lib/x86_64-linux-gnu]
  collapse library dir [/usr/lib/../lib64] ==> [/usr/lib64]
  collapse library dir [/usr/lib/x86_64-linux-gnu/../../lib64] ==> [/usr/lib64]
  collapse library dir [/usr/bin/../lib/gcc/x86_64-linux-gnu/12/../../..] ==> [/usr/lib]
  collapse library dir [/usr/lib/llvm-12/bin/../lib] ==> [/usr/lib/llvm-12/lib]
  collapse library dir [/lib] ==> [/lib]
  collapse library dir [/usr/lib] ==> [/usr/lib]
  implicit libs: [stdc++;m;gcc_s;gcc;c;gcc_s;gcc]
  implicit objs: [/usr/lib/x86_64-linux-gnu/crt1.o;/usr/lib/x86_64-linux-gnu/crti.o;/usr/lib/gcc/x86_64-linux-gnu/12/crtbegin.o;/usr/lib/gcc/x86_64-linux-gnu/12/crtend.o;/usr/lib/x86_64-linux-gnu/crtn.o]
  implicit dirs: [/usr/lib/gcc/x86_64-linux-gnu/12;/usr/lib/x86_64-linux-gnu;/usr/lib64;/lib/x86_64-linux-gnu;/lib64;/usr/lib;/usr/lib/llvm-12/lib;/lib]
  implicit fwks: []


Performing C SOURCE FILE Test lfs_native succeeded with the following output:
Change Dir: /home/wmonacho/Documents/Project_42/In_Progress_Project/Snow-Crash/level02/wireshark-4.4.3/CMakeFiles/CMakeTmp

Run Build Command(s):/usr/bin/gmake -f Makefile cmTC_a7bbb/fast && /usr/bin/gmake  -f CMakeFiles/cmTC_a7bbb.dir/build.make CMakeFiles/cmTC_a7bbb.dir/build
gmake[1]: Entering directory '/home/wmonacho/Documents/Project_42/In_Progress_Project/Snow-Crash/level02/wireshark-4.4.3/CMakeFiles/CMakeTmp'
Building C object CMakeFiles/cmTC_a7bbb.dir/src.c.o
/usr/bin/cc -Dlfs_native  -std=gnu11 -MD -MT CMakeFiles/cmTC_a7bbb.dir/src.c.o -MF CMakeFiles/cmTC_a7bbb.dir/src.c.o.d -o CMakeFiles/cmTC_a7bbb.dir/src.c.o -c /home/wmonacho/Documents/Project_42/In_Progress_Project/Snow-Crash/level02/wireshark-4.4.3/CMakeFiles/CMakeTmp/src.c
Linking C executable cmTC_a7bbb
/usr/bin/cmake -E cmake_link_script CMakeFiles/cmTC_a7bbb.dir/link.txt --verbose=1
/usr/bin/cc CMakeFiles/cmTC_a7bbb.dir/src.c.o -o cmTC_a7bbb 
gmake[1]: Leaving directory '/home/wmonacho/Documents/Project_42/In_Progress_Project/Snow-Crash/level02/wireshark-4.4.3/CMakeFiles/CMakeTmp'


Source file was:

    #include <sys/types.h>
    typedef char my_static_assert[sizeof(off_t) >= 8 ? 1 : -1];
    int main(void) { return 0; }
    
Determining if the fseeko exist passed with the following output:
Change Dir: /home/wmonacho/Documents/Project_42/In_Progress_Project/Snow-Crash/level02/wireshark-4.4.3/CMakeFiles/CMakeTmp

Run Build Command(s):/usr/bin/gmake -f Makefile cmTC_5282e/fast && /usr/bin/gmake  -f CMakeFiles/cmTC_5282e.dir/build.make CMakeFiles/cmTC_5282e.dir/build
gmake[1]: Entering directory '/home/wmonacho/Documents/Project_42/In_Progress_Project/Snow-Crash/level02/wireshark-4.4.3/CMakeFiles/CMakeTmp'
Building C object CMakeFiles/cmTC_5282e.dir/CheckSymbolExists.c.o
/usr/bin/cc   -std=gnu11 -MD -MT CMakeFiles/cmTC_5282e.dir/CheckSymbolExists.c.o -MF CMakeFiles/cmTC_5282e.dir/CheckSymbolExists.c.o.d -o CMakeFiles/cmTC_5282e.dir/CheckSymbolExists.c.o -c /home/wmonacho/Documents/Project_42/In_Progress_Project/Snow-Crash/level02/wireshark-4.4.3/CMakeFiles/CMakeTmp/CheckSymbolExists.c
Linking C executable cmTC_5282e
/usr/bin/cmake -E cmake_link_script CMakeFiles/cmTC_5282e.dir/link.txt --verbose=1
/usr/bin/cc CMakeFiles/cmTC_5282e.dir/CheckSymbolExists.c.o -o cmTC_5282e 
gmake[1]: Leaving directory '/home/wmonacho/Documents/Project_42/In_Progress_Project/Snow-Crash/level02/wireshark-4.4.3/CMakeFiles/CMakeTmp'


File /home/wmonacho/Documents/Project_42/In_Progress_Project/Snow-Crash/level02/wireshark-4.4.3/CMakeFiles/CMakeTmp/CheckSymbolExists.c:
/* */
#include <stdio.h>

int main(int argc, char** argv)
{
  (void)argv;
#ifndef fseeko
  return ((int*)(&fseeko))[argc];
#else
  (void)argc;
  return 0;
#endif
}
Performing C SOURCE FILE Test C_Wall_VALID succeeded with the following output:
Change Dir: /home/wmonacho/Documents/Project_42/In_Progress_Project/Snow-Crash/level02/wireshark-4.4.3/CMakeFiles/CMakeTmp

Run Build Command(s):/usr/bin/gmake -f Makefile cmTC_c6988/fast && /usr/bin/gmake  -f CMakeFiles/cmTC_c6988.dir/build.make CMakeFiles/cmTC_c6988.dir/build
gmake[1]: Entering directory '/home/wmonacho/Documents/Project_42/In_Progress_Project/Snow-Crash/level02/wireshark-4.4.3/CMakeFiles/CMakeTmp'
Building C object CMakeFiles/cmTC_c6988.dir/src.c.o
/usr/bin/cc -DC_Wall_VALID  -fPIE    -Wall -std=gnu11 -MD -MT CMakeFiles/cmTC_c6988.dir/src.c.o -MF CMakeFiles/cmTC_c6988.dir/src.c.o.d -o CMakeFiles/cmTC_c6988.dir/src.c.o -c /home/wmonacho/Documents/Project_42/In_Progress_Project/Snow-Crash/level02/wireshark-4.4.3/CMakeFiles/CMakeTmp/src.c
Linking C executable cmTC_c6988
/usr/bin/cmake -E cmake_link_script CMakeFiles/cmTC_c6988.dir/link.txt --verbose=1
/usr/bin/cc CMakeFiles/cmTC_c6988.dir/src.c.o -o cmTC_c6988 
gmake[1]: Leaving directory '/home/wmonacho/Documents/Project_42/In_Progress_Project/Snow-Crash/level02/wireshark-4.4.3/CMakeFiles/CMakeTmp'


Source file was:
int main(void) { return 0; }
Performing C SOURCE FILE Test C_Wextra_VALID succeeded with the following output:
Change Dir: /home/wmonacho/Documents/Project_42/In_Progress_Project/Snow-Crash/level02/wireshark-4.4.3/CMakeFiles/CMakeTmp

Run Build Command(s):/usr/bin/gmake -f Makefile cmTC_4c57e/fast && /usr/bin/gmake  -f CMakeFiles/cmTC_4c57e.dir/build.make CMakeFiles/cmTC_4c57e.dir/build
gmake[1]: Entering directory '/home/wmonacho/Documents/Project_42/In_Progress_Project/Snow-Crash/level02/wireshark-4.4.3/CMakeFiles/CMakeTmp'
Building C object CMakeFiles/cmTC_4c57e.dir/src.c.o
/usr/bin/cc -DC_Wextra_VALID  -fPIE    -Wall -Wextra -std=gnu11 -MD -MT CMakeFiles/cmTC_4c57e.dir/src.c.o -MF CMakeFiles/cmTC_4c57e.dir/src.c.o.d -o CMakeFiles/cmTC_4c57e.dir/src.c.o -c /home/wmonacho/Documents/Project_42/In_Progress_Project/Snow-Crash/level02/wireshark-4.4.3/CMakeFiles/CMakeTmp/src.c
Linking C executable cmTC_4c57e
/usr/bin/cmake -E cmake_link_script CMakeFiles/cmTC_4c57e.dir/link.txt --verbose=1
/usr/bin/cc CMakeFiles/cmTC_4c57e.dir/src.c.o -o cmTC_4c57e 
gmake[1]: Leaving directory '/home/wmonacho/Documents/Project_42/In_Progress_Project/Snow-Crash/level02/wireshark-4.4.3/CMakeFiles/CMakeTmp'


Source file was:
int main(void) { return 0; }
Performing C SOURCE FILE Test C_Wpointer_arith_VALID succeeded with the following output:
Change Dir: /home/wmonacho/Documents/Project_42/In_Progress_Project/Snow-Crash/level02/wireshark-4.4.3/CMakeFiles/CMakeTmp

Run Build Command(s):/usr/bin/gmake -f Makefile cmTC_99ae0/fast && /usr/bin/gmake  -f CMakeFiles/cmTC_99ae0.dir/build.make CMakeFiles/cmTC_99ae0.dir/build
gmake[1]: Entering directory '/home/wmonacho/Documents/Project_42/In_Progress_Project/Snow-Crash/level02/wireshark-4.4.3/CMakeFiles/CMakeTmp'
Building C object CMakeFiles/cmTC_99ae0.dir/src.c.o
/usr/bin/cc -DC_Wpointer_arith_VALID  -fPIE    -Wall -Wextra -Wpointer-arith -std=gnu11 -MD -MT CMakeFiles/cmTC_99ae0.dir/src.c.o -MF CMakeFiles/cmTC_99ae0.dir/src.c.o.d -o CMakeFiles/cmTC_99ae0.dir/src.c.o -c /home/wmonacho/Documents/Project_42/In_Progress_Project/Snow-Crash/level02/wireshark-4.4.3/CMakeFiles/CMakeTmp/src.c
Linking C executable cmTC_99ae0
/usr/bin/cmake -E cmake_link_script CMakeFiles/cmTC_99ae0.dir/link.txt --verbose=1
/usr/bin/cc CMakeFiles/cmTC_99ae0.dir/src.c.o -o cmTC_99ae0 
gmake[1]: Leaving directory '/home/wmonacho/Documents/Project_42/In_Progress_Project/Snow-Crash/level02/wireshark-4.4.3/CMakeFiles/CMakeTmp'


Source file was:
int main(void) { return 0; }
Performing C SOURCE FILE Test C_Wformat_security_VALID succeeded with the following output:
Change Dir: /home/wmonacho/Documents/Project_42/In_Progress_Project/Snow-Crash/level02/wireshark-4.4.3/CMakeFiles/CMakeTmp

Run Build Command(s):/usr/bin/gmake -f Makefile cmTC_0667d/fast && /usr/bin/gmake  -f CMakeFiles/cmTC_0667d.dir/build.make CMakeFiles/cmTC_0667d.dir/build
gmake[1]: Entering directory '/home/wmonacho/Documents/Project_42/In_Progress_Project/Snow-Crash/level02/wireshark-4.4.3/CMakeFiles/CMakeTmp'
Building C object CMakeFiles/cmTC_0667d.dir/src.c.o
/usr/bin/cc -DC_Wformat_security_VALID  -fPIE    -Wall -Wextra -Wpointer-arith -Wformat-security -std=gnu11 -MD -MT CMakeFiles/cmTC_0667d.dir/src.c.o -MF CMakeFiles/cmTC_0667d.dir/src.c.o.d -o CMakeFiles/cmTC_0667d.dir/src.c.o -c /home/wmonacho/Documents/Project_42/In_Progress_Project/Snow-Crash/level02/wireshark-4.4.3/CMakeFiles/CMakeTmp/src.c
Linking C executable cmTC_0667d
/usr/bin/cmake -E cmake_link_script CMakeFiles/cmTC_0667d.dir/link.txt --verbose=1
/usr/bin/cc CMakeFiles/cmTC_0667d.dir/src.c.o -o cmTC_0667d 
gmake[1]: Leaving directory '/home/wmonacho/Documents/Project_42/In_Progress_Project/Snow-Crash/level02/wireshark-4.4.3/CMakeFiles/CMakeTmp'


Source file was:
int main(void) { return 0; }
Performing C SOURCE FILE Test C_fno_strict_overflow_VALID succeeded with the following output:
Change Dir: /home/wmonacho/Documents/Project_42/In_Progress_Project/Snow-Crash/level02/wireshark-4.4.3/CMakeFiles/CMakeTmp

Run Build Command(s):/usr/bin/gmake -f Makefile cmTC_1766a/fast && /usr/bin/gmake  -f CMakeFiles/cmTC_1766a.dir/build.make CMakeFiles/cmTC_1766a.dir/build
gmake[1]: Entering directory '/home/wmonacho/Documents/Project_42/In_Progress_Project/Snow-Crash/level02/wireshark-4.4.3/CMakeFiles/CMakeTmp'
Building C object CMakeFiles/cmTC_1766a.dir/src.c.o
/usr/bin/cc -DC_fno_strict_overflow_VALID  -fPIE    -Wall -Wextra -Wpointer-arith -Wformat-security -fno-strict-overflow -std=gnu11 -MD -MT CMakeFiles/cmTC_1766a.dir/src.c.o -MF CMakeFiles/cmTC_1766a.dir/src.c.o.d -o CMakeFiles/cmTC_1766a.dir/src.c.o -c /home/wmonacho/Documents/Project_42/In_Progress_Project/Snow-Crash/level02/wireshark-4.4.3/CMakeFiles/CMakeTmp/src.c
Linking C executable cmTC_1766a
/usr/bin/cmake -E cmake_link_script CMakeFiles/cmTC_1766a.dir/link.txt --verbose=1
/usr/bin/cc CMakeFiles/cmTC_1766a.dir/src.c.o -o cmTC_1766a 
gmake[1]: Leaving directory '/home/wmonacho/Documents/Project_42/In_Progress_Project/Snow-Crash/level02/wireshark-4.4.3/CMakeFiles/CMakeTmp'


Source file was:
int main(void) { return 0; }
Performing C SOURCE FILE Test C_Wvla_VALID succeeded with the following output:
Change Dir: /home/wmonacho/Documents/Project_42/In_Progress_Project/Snow-Crash/level02/wireshark-4.4.3/CMakeFiles/CMakeTmp

Run Build Command(s):/usr/bin/gmake -f Makefile cmTC_5cf45/fast && /usr/bin/gmake  -f CMakeFiles/cmTC_5cf45.dir/build.make CMakeFiles/cmTC_5cf45.dir/build
gmake[1]: Entering directory '/home/wmonacho/Documents/Project_42/In_Progress_Project/Snow-Crash/level02/wireshark-4.4.3/CMakeFiles/CMakeTmp'
Building C object CMakeFiles/cmTC_5cf45.dir/src.c.o
/usr/bin/cc -DC_Wvla_VALID  -fPIE    -Wall -Wextra -Wpointer-arith -Wformat-security -fno-strict-overflow -Wvla -std=gnu11 -MD -MT CMakeFiles/cmTC_5cf45.dir/src.c.o -MF CMakeFiles/cmTC_5cf45.dir/src.c.o.d -o CMakeFiles/cmTC_5cf45.dir/src.c.o -c /home/wmonacho/Documents/Project_42/In_Progress_Project/Snow-Crash/level02/wireshark-4.4.3/CMakeFiles/CMakeTmp/src.c
Linking C executable cmTC_5cf45
/usr/bin/cmake -E cmake_link_script CMakeFiles/cmTC_5cf45.dir/link.txt --verbose=1
/usr/bin/cc CMakeFiles/cmTC_5cf45.dir/src.c.o -o cmTC_5cf45 
gmake[1]: Leaving directory '/home/wmonacho/Documents/Project_42/In_Progress_Project/Snow-Crash/level02/wireshark-4.4.3/CMakeFiles/CMakeTmp'


Source file was:
int main(void) { return 0; }
Performing C SOURCE FILE Test C_Wattributes_VALID succeeded with the following output:
Change Dir: /home/wmonacho/Documents/Project_42/In_Progress_Project/Snow-Crash/level02/wireshark-4.4.3/CMakeFiles/CMakeTmp

Run Build Command(s):/usr/bin/gmake -f Makefile cmTC_c78be/fast && /usr/bin/gmake  -f CMakeFiles/cmTC_c78be.dir/build.make CMakeFiles/cmTC_c78be.dir/build
gmake[1]: Entering directory '/home/wmonacho/Documents/Project_42/In_Progress_Project/Snow-Crash/level02/wireshark-4.4.3/CMakeFiles/CMakeTmp'
Building C object CMakeFiles/cmTC_c78be.dir/src.c.o
/usr/bin/cc -DC_Wattributes_VALID  -fPIE    -Wall -Wextra -Wpointer-arith -Wformat-security -fno-strict-overflow -Wvla -Wattributes -std=gnu11 -MD -MT CMakeFiles/cmTC_c78be.dir/src.c.o -MF CMakeFiles/cmTC_c78be.dir/src.c.o.d -o CMakeFiles/cmTC_c78be.dir/src.c.o -c /home/wmonacho/Documents/Project_42/In_Progress_Project/Snow-Crash/level02/wireshark-4.4.3/CMakeFiles/CMakeTmp/src.c
Linking C executable cmTC_c78be
/usr/bin/cmake -E cmake_link_script CMakeFiles/cmTC_c78be.dir/link.txt --verbose=1
/usr/bin/cc CMakeFiles/cmTC_c78be.dir/src.c.o -o cmTC_c78be 
gmake[1]: Leaving directory '/home/wmonacho/Documents/Project_42/In_Progress_Project/Snow-Crash/level02/wireshark-4.4.3/CMakeFiles/CMakeTmp'


Source file was:
int main(void) { return 0; }
Performing C SOURCE FILE Test C_Wpragmas_VALID succeeded with the following output:
Change Dir: /home/wmonacho/Documents/Project_42/In_Progress_Project/Snow-Crash/level02/wireshark-4.4.3/CMakeFiles/CMakeTmp

Run Build Command(s):/usr/bin/gmake -f Makefile cmTC_93daf/fast && /usr/bin/gmake  -f CMakeFiles/cmTC_93daf.dir/build.make CMakeFiles/cmTC_93daf.dir/build
gmake[1]: Entering directory '/home/wmonacho/Documents/Project_42/In_Progress_Project/Snow-Crash/level02/wireshark-4.4.3/CMakeFiles/CMakeTmp'
Building C object CMakeFiles/cmTC_93daf.dir/src.c.o
/usr/bin/cc -DC_Wpragmas_VALID  -fPIE    -Wall -Wextra -Wpointer-arith -Wformat-security -fno-strict-overflow -Wvla -Wattributes -Wpragmas -std=gnu11 -MD -MT CMakeFiles/cmTC_93daf.dir/src.c.o -MF CMakeFiles/cmTC_93daf.dir/src.c.o.d -o CMakeFiles/cmTC_93daf.dir/src.c.o -c /home/wmonacho/Documents/Project_42/In_Progress_Project/Snow-Crash/level02/wireshark-4.4.3/CMakeFiles/CMakeTmp/src.c
Linking C executable cmTC_93daf
/usr/bin/cmake -E cmake_link_script CMakeFiles/cmTC_93daf.dir/link.txt --verbose=1
/usr/bin/cc CMakeFiles/cmTC_93daf.dir/src.c.o -o cmTC_93daf 
gmake[1]: Leaving directory '/home/wmonacho/Documents/Project_42/In_Progress_Project/Snow-Crash/level02/wireshark-4.4.3/CMakeFiles/CMakeTmp'


Source file was:
int main(void) { return 0; }
Performing C SOURCE FILE Test C_Wheader_guard_VALID succeeded with the following output:
Change Dir: /home/wmonacho/Documents/Project_42/In_Progress_Project/Snow-Crash/level02/wireshark-4.4.3/CMakeFiles/CMakeTmp

Run Build Command(s):/usr/bin/gmake -f Makefile cmTC_7f9fd/fast && /usr/bin/gmake  -f CMakeFiles/cmTC_7f9fd.dir/build.make CMakeFiles/cmTC_7f9fd.dir/build
gmake[1]: Entering directory '/home/wmonacho/Documents/Project_42/In_Progress_Project/Snow-Crash/level02/wireshark-4.4.3/CMakeFiles/CMakeTmp'
Building C object CMakeFiles/cmTC_7f9fd.dir/src.c.o
/usr/bin/cc -DC_Wheader_guard_VALID  -fPIE    -Wall -Wextra -Wpointer-arith -Wformat-security -fno-strict-overflow -Wvla -Wattributes -Wpragmas -Wheader-guard -std=gnu11 -MD -MT CMakeFiles/cmTC_7f9fd.dir/src.c.o -MF CMakeFiles/cmTC_7f9fd.dir/src.c.o.d -o CMakeFiles/cmTC_7f9fd.dir/src.c.o -c /home/wmonacho/Documents/Project_42/In_Progress_Project/Snow-Crash/level02/wireshark-4.4.3/CMakeFiles/CMakeTmp/src.c
Linking C executable cmTC_7f9fd
/usr/bin/cmake -E cmake_link_script CMakeFiles/cmTC_7f9fd.dir/link.txt --verbose=1
/usr/bin/cc CMakeFiles/cmTC_7f9fd.dir/src.c.o -o cmTC_7f9fd 
gmake[1]: Leaving directory '/home/wmonacho/Documents/Project_42/In_Progress_Project/Snow-Crash/level02/wireshark-4.4.3/CMakeFiles/CMakeTmp'


Source file was:
int main(void) { return 0; }
Performing C SOURCE FILE Test C_Wcomma_VALID succeeded with the following output:
Change Dir: /home/wmonacho/Documents/Project_42/In_Progress_Project/Snow-Crash/level02/wireshark-4.4.3/CMakeFiles/CMakeTmp

Run Build Command(s):/usr/bin/gmake -f Makefile cmTC_94a5f/fast && /usr/bin/gmake  -f CMakeFiles/cmTC_94a5f.dir/build.make CMakeFiles/cmTC_94a5f.dir/build
gmake[1]: Entering directory '/home/wmonacho/Documents/Project_42/In_Progress_Project/Snow-Crash/level02/wireshark-4.4.3/CMakeFiles/CMakeTmp'
Building C object CMakeFiles/cmTC_94a5f.dir/src.c.o
/usr/bin/cc -DC_Wcomma_VALID  -fPIE    -Wall -Wextra -Wpointer-arith -Wformat-security -fno-strict-overflow -Wvla -Wattributes -Wpragmas -Wheader-guard -Wcomma -std=gnu11 -MD -MT CMakeFiles/cmTC_94a5f.dir/src.c.o -MF CMakeFiles/cmTC_94a5f.dir/src.c.o.d -o CMakeFiles/cmTC_94a5f.dir/src.c.o -c /home/wmonacho/Documents/Project_42/In_Progress_Project/Snow-Crash/level02/wireshark-4.4.3/CMakeFiles/CMakeTmp/src.c
Linking C executable cmTC_94a5f
/usr/bin/cmake -E cmake_link_script CMakeFiles/cmTC_94a5f.dir/link.txt --verbose=1
/usr/bin/cc CMakeFiles/cmTC_94a5f.dir/src.c.o -o cmTC_94a5f 
gmake[1]: Leaving directory '/home/wmonacho/Documents/Project_42/In_Progress_Project/Snow-Crash/level02/wireshark-4.4.3/CMakeFiles/CMakeTmp'


Source file was:
int main(void) { return 0; }
Performing C SOURCE FILE Test C_Wshorten_64_to_32_VALID succeeded with the following output:
Change Dir: /home/wmonacho/Documents/Project_42/In_Progress_Project/Snow-Crash/level02/wireshark-4.4.3/CMakeFiles/CMakeTmp

Run Build Command(s):/usr/bin/gmake -f Makefile cmTC_569c2/fast && /usr/bin/gmake  -f CMakeFiles/cmTC_569c2.dir/build.make CMakeFiles/cmTC_569c2.dir/build
gmake[1]: Entering directory '/home/wmonacho/Documents/Project_42/In_Progress_Project/Snow-Crash/level02/wireshark-4.4.3/CMakeFiles/CMakeTmp'
Building C object CMakeFiles/cmTC_569c2.dir/src.c.o
/usr/bin/cc -DC_Wshorten_64_to_32_VALID  -fPIE    -Wall -Wextra -Wpointer-arith -Wformat-security -fno-strict-overflow -Wvla -Wattributes -Wpragmas -Wheader-guard -Wcomma -Wshorten-64-to-32 -std=gnu11 -MD -MT CMakeFiles/cmTC_569c2.dir/src.c.o -MF CMakeFiles/cmTC_569c2.dir/src.c.o.d -o CMakeFiles/cmTC_569c2.dir/src.c.o -c /home/wmonacho/Documents/Project_42/In_Progress_Project/Snow-Crash/level02/wireshark-4.4.3/CMakeFiles/CMakeTmp/src.c
Linking C executable cmTC_569c2
/usr/bin/cmake -E cmake_link_script CMakeFiles/cmTC_569c2.dir/link.txt --verbose=1
/usr/bin/cc CMakeFiles/cmTC_569c2.dir/src.c.o -o cmTC_569c2 
gmake[1]: Leaving directory '/home/wmonacho/Documents/Project_42/In_Progress_Project/Snow-Crash/level02/wireshark-4.4.3/CMakeFiles/CMakeTmp'


Source file was:
int main(void) { return 0; }
Performing C SOURCE FILE Test C_Wredundant_decls_VALID succeeded with the following output:
Change Dir: /home/wmonacho/Documents/Project_42/In_Progress_Project/Snow-Crash/level02/wireshark-4.4.3/CMakeFiles/CMakeTmp

Run Build Command(s):/usr/bin/gmake -f Makefile cmTC_a1211/fast && /usr/bin/gmake  -f CMakeFiles/cmTC_a1211.dir/build.make CMakeFiles/cmTC_a1211.dir/build
gmake[1]: Entering directory '/home/wmonacho/Documents/Project_42/In_Progress_Project/Snow-Crash/level02/wireshark-4.4.3/CMakeFiles/CMakeTmp'
Building C object CMakeFiles/cmTC_a1211.dir/src.c.o
/usr/bin/cc -DC_Wredundant_decls_VALID  -fPIE    -Wall -Wextra -Wpointer-arith -Wformat-security -fno-strict-overflow -Wvla -Wattributes -Wpragmas -Wheader-guard -Wcomma -Wshorten-64-to-32 -Wredundant-decls -std=gnu11 -MD -MT CMakeFiles/cmTC_a1211.dir/src.c.o -MF CMakeFiles/cmTC_a1211.dir/src.c.o.d -o CMakeFiles/cmTC_a1211.dir/src.c.o -c /home/wmonacho/Documents/Project_42/In_Progress_Project/Snow-Crash/level02/wireshark-4.4.3/CMakeFiles/CMakeTmp/src.c
Linking C executable cmTC_a1211
/usr/bin/cmake -E cmake_link_script CMakeFiles/cmTC_a1211.dir/link.txt --verbose=1
/usr/bin/cc CMakeFiles/cmTC_a1211.dir/src.c.o -o cmTC_a1211 
gmake[1]: Leaving directory '/home/wmonacho/Documents/Project_42/In_Progress_Project/Snow-Crash/level02/wireshark-4.4.3/CMakeFiles/CMakeTmp'


Source file was:
int main(void) { return 0; }
Performing C SOURCE FILE Test C_Wunreachable_code_VALID succeeded with the following output:
Change Dir: /home/wmonacho/Documents/Project_42/In_Progress_Project/Snow-Crash/level02/wireshark-4.4.3/CMakeFiles/CMakeTmp

Run Build Command(s):/usr/bin/gmake -f Makefile cmTC_fd355/fast && /usr/bin/gmake  -f CMakeFiles/cmTC_fd355.dir/build.make CMakeFiles/cmTC_fd355.dir/build
gmake[1]: Entering directory '/home/wmonacho/Documents/Project_42/In_Progress_Project/Snow-Crash/level02/wireshark-4.4.3/CMakeFiles/CMakeTmp'
Building C object CMakeFiles/cmTC_fd355.dir/src.c.o
/usr/bin/cc -DC_Wunreachable_code_VALID  -fPIE    -Wall -Wextra -Wpointer-arith -Wformat-security -fno-strict-overflow -Wvla -Wattributes -Wpragmas -Wheader-guard -Wcomma -Wshorten-64-to-32 -Wredundant-decls -Wunreachable-code -std=gnu11 -MD -MT CMakeFiles/cmTC_fd355.dir/src.c.o -MF CMakeFiles/cmTC_fd355.dir/src.c.o.d -o CMakeFiles/cmTC_fd355.dir/src.c.o -c /home/wmonacho/Documents/Project_42/In_Progress_Project/Snow-Crash/level02/wireshark-4.4.3/CMakeFiles/CMakeTmp/src.c
Linking C executable cmTC_fd355
/usr/bin/cmake -E cmake_link_script CMakeFiles/cmTC_fd355.dir/link.txt --verbose=1
/usr/bin/cc CMakeFiles/cmTC_fd355.dir/src.c.o -o cmTC_fd355 
gmake[1]: Leaving directory '/home/wmonacho/Documents/Project_42/In_Progress_Project/Snow-Crash/level02/wireshark-4.4.3/CMakeFiles/CMakeTmp'


Source file was:
int main(void) { return 0; }
Performing C SOURCE FILE Test C_Wdocumentation_VALID succeeded with the following output:
Change Dir: /home/wmonacho/Documents/Project_42/In_Progress_Project/Snow-Crash/level02/wireshark-4.4.3/CMakeFiles/CMakeTmp

Run Build Command(s):/usr/bin/gmake -f Makefile cmTC_2a4d2/fast && /usr/bin/gmake  -f CMakeFiles/cmTC_2a4d2.dir/build.make CMakeFiles/cmTC_2a4d2.dir/build
gmake[1]: Entering directory '/home/wmonacho/Documents/Project_42/In_Progress_Project/Snow-Crash/level02/wireshark-4.4.3/CMakeFiles/CMakeTmp'
Building C object CMakeFiles/cmTC_2a4d2.dir/src.c.o
/usr/bin/cc -DC_Wdocumentation_VALID  -fPIE    -Wall -Wextra -Wpointer-arith -Wformat-security -fno-strict-overflow -Wvla -Wattributes -Wpragmas -Wheader-guard -Wcomma -Wshorten-64-to-32 -Wredundant-decls -Wunreachable-code -Wdocumentation -std=gnu11 -MD -MT CMakeFiles/cmTC_2a4d2.dir/src.c.o -MF CMakeFiles/cmTC_2a4d2.dir/src.c.o.d -o CMakeFiles/cmTC_2a4d2.dir/src.c.o -c /home/wmonacho/Documents/Project_42/In_Progress_Project/Snow-Crash/level02/wireshark-4.4.3/CMakeFiles/CMakeTmp/src.c
Linking C executable cmTC_2a4d2
/usr/bin/cmake -E cmake_link_script CMakeFiles/cmTC_2a4d2.dir/link.txt --verbose=1
/usr/bin/cc CMakeFiles/cmTC_2a4d2.dir/src.c.o -o cmTC_2a4d2 
gmake[1]: Leaving directory '/home/wmonacho/Documents/Project_42/In_Progress_Project/Snow-Crash/level02/wireshark-4.4.3/CMakeFiles/CMakeTmp'


Source file was:
int main(void) { return 0; }
Performing C SOURCE FILE Test C_Wno_error_deprecated_declarations_VALID succeeded with the following output:
Change Dir: /home/wmonacho/Documents/Project_42/In_Progress_Project/Snow-Crash/level02/wireshark-4.4.3/CMakeFiles/CMakeTmp

Run Build Command(s):/usr/bin/gmake -f Makefile cmTC_0df52/fast && /usr/bin/gmake  -f CMakeFiles/cmTC_0df52.dir/build.make CMakeFiles/cmTC_0df52.dir/build
gmake[1]: Entering directory '/home/wmonacho/Documents/Project_42/In_Progress_Project/Snow-Crash/level02/wireshark-4.4.3/CMakeFiles/CMakeTmp'
Building C object CMakeFiles/cmTC_0df52.dir/src.c.o
/usr/bin/cc -DC_Wno_error_deprecated_declarations_VALID  -fPIE    -Wall -Wextra -Wpointer-arith -Wformat-security -fno-strict-overflow -Wvla -Wattributes -Wpragmas -Wheader-guard -Wcomma -Wshorten-64-to-32 -Wredundant-decls -Wunreachable-code -Wdocumentation -Wno-error=deprecated-declarations -std=gnu11 -MD -MT CMakeFiles/cmTC_0df52.dir/src.c.o -MF CMakeFiles/cmTC_0df52.dir/src.c.o.d -o CMakeFiles/cmTC_0df52.dir/src.c.o -c /home/wmonacho/Documents/Project_42/In_Progress_Project/Snow-Crash/level02/wireshark-4.4.3/CMakeFiles/CMakeTmp/src.c
Linking C executable cmTC_0df52
/usr/bin/cmake -E cmake_link_script CMakeFiles/cmTC_0df52.dir/link.txt --verbose=1
/usr/bin/cc CMakeFiles/cmTC_0df52.dir/src.c.o -o cmTC_0df52 
gmake[1]: Leaving directory '/home/wmonacho/Documents/Project_42/In_Progress_Project/Snow-Crash/level02/wireshark-4.4.3/CMakeFiles/CMakeTmp'


Source file was:
int main(void) { return 0; }
Performing C SOURCE FILE Test C_Wframe_larger_than_32768_VALID succeeded with the following output:
Change Dir: /home/wmonacho/Documents/Project_42/In_Progress_Project/Snow-Crash/level02/wireshark-4.4.3/CMakeFiles/CMakeTmp

Run Build Command(s):/usr/bin/gmake -f Makefile cmTC_b2c71/fast && /usr/bin/gmake  -f CMakeFiles/cmTC_b2c71.dir/build.make CMakeFiles/cmTC_b2c71.dir/build
gmake[1]: Entering directory '/home/wmonacho/Documents/Project_42/In_Progress_Project/Snow-Crash/level02/wireshark-4.4.3/CMakeFiles/CMakeTmp'
Building C object CMakeFiles/cmTC_b2c71.dir/src.c.o
/usr/bin/cc -DC_Wframe_larger_than_32768_VALID  -fPIE    -Wall -Wextra -Wpointer-arith -Wformat-security -fno-strict-overflow -Wvla -Wattributes -Wpragmas -Wheader-guard -Wcomma -Wshorten-64-to-32 -Wredundant-decls -Wunreachable-code -Wdocumentation -Wno-error=deprecated-declarations -Wframe-larger-than=32768 -std=gnu11 -MD -MT CMakeFiles/cmTC_b2c71.dir/src.c.o -MF CMakeFiles/cmTC_b2c71.dir/src.c.o.d -o CMakeFiles/cmTC_b2c71.dir/src.c.o -c /home/wmonacho/Documents/Project_42/In_Progress_Project/Snow-Crash/level02/wireshark-4.4.3/CMakeFiles/CMakeTmp/src.c
Linking C executable cmTC_b2c71
/usr/bin/cmake -E cmake_link_script CMakeFiles/cmTC_b2c71.dir/link.txt --verbose=1
/usr/bin/cc CMakeFiles/cmTC_b2c71.dir/src.c.o -o cmTC_b2c71 
gmake[1]: Leaving directory '/home/wmonacho/Documents/Project_42/In_Progress_Project/Snow-Crash/level02/wireshark-4.4.3/CMakeFiles/CMakeTmp'


Source file was:
int main(void) { return 0; }
Performing C SOURCE FILE Test C_Wshadow_VALID succeeded with the following output:
Change Dir: /home/wmonacho/Documents/Project_42/In_Progress_Project/Snow-Crash/level02/wireshark-4.4.3/CMakeFiles/CMakeTmp

Run Build Command(s):/usr/bin/gmake -f Makefile cmTC_16ac6/fast && /usr/bin/gmake  -f CMakeFiles/cmTC_16ac6.dir/build.make CMakeFiles/cmTC_16ac6.dir/build
gmake[1]: Entering directory '/home/wmonacho/Documents/Project_42/In_Progress_Project/Snow-Crash/level02/wireshark-4.4.3/CMakeFiles/CMakeTmp'
Building C object CMakeFiles/cmTC_16ac6.dir/src.c.o
/usr/bin/cc -DC_Wshadow_VALID  -fPIE    -Wall -Wextra -Wpointer-arith -Wformat-security -fno-strict-overflow -Wvla -Wattributes -Wpragmas -Wheader-guard -Wcomma -Wshorten-64-to-32 -Wredundant-decls -Wunreachable-code -Wdocumentation -Wno-error=deprecated-declarations -Wframe-larger-than=32768 -Wshadow -std=gnu11 -MD -MT CMakeFiles/cmTC_16ac6.dir/src.c.o -MF CMakeFiles/cmTC_16ac6.dir/src.c.o.d -o CMakeFiles/cmTC_16ac6.dir/src.c.o -c /home/wmonacho/Documents/Project_42/In_Progress_Project/Snow-Crash/level02/wireshark-4.4.3/CMakeFiles/CMakeTmp/src.c
Linking C executable cmTC_16ac6
/usr/bin/cmake -E cmake_link_script CMakeFiles/cmTC_16ac6.dir/link.txt --verbose=1
/usr/bin/cc CMakeFiles/cmTC_16ac6.dir/src.c.o -o cmTC_16ac6 
gmake[1]: Leaving directory '/home/wmonacho/Documents/Project_42/In_Progress_Project/Snow-Crash/level02/wireshark-4.4.3/CMakeFiles/CMakeTmp'


Source file was:
int main(void) { return 0; }
Performing C SOURCE FILE Test C_Wold_style_definition_VALID succeeded with the following output:
Change Dir: /home/wmonacho/Documents/Project_42/In_Progress_Project/Snow-Crash/level02/wireshark-4.4.3/CMakeFiles/CMakeTmp

Run Build Command(s):/usr/bin/gmake -f Makefile cmTC_04836/fast && /usr/bin/gmake  -f CMakeFiles/cmTC_04836.dir/build.make CMakeFiles/cmTC_04836.dir/build
gmake[1]: Entering directory '/home/wmonacho/Documents/Project_42/In_Progress_Project/Snow-Crash/level02/wireshark-4.4.3/CMakeFiles/CMakeTmp'
Building C object CMakeFiles/cmTC_04836.dir/src.c.o
/usr/bin/cc -DC_Wold_style_definition_VALID  -fPIE    -Wall -Wextra -Wpointer-arith -Wformat-security -fno-strict-overflow -Wvla -Wattributes -Wpragmas -Wheader-guard -Wcomma -Wshorten-64-to-32 -Wredundant-decls -Wunreachable-code -Wdocumentation -Wno-error=deprecated-declarations -Wframe-larger-than=32768 -Wshadow -Wold-style-definition -std=gnu11 -MD -MT CMakeFiles/cmTC_04836.dir/src.c.o -MF CMakeFiles/cmTC_04836.dir/src.c.o.d -o CMakeFiles/cmTC_04836.dir/src.c.o -c /home/wmonacho/Documents/Project_42/In_Progress_Project/Snow-Crash/level02/wireshark-4.4.3/CMakeFiles/CMakeTmp/src.c
Linking C executable cmTC_04836
/usr/bin/cmake -E cmake_link_script CMakeFiles/cmTC_04836.dir/link.txt --verbose=1
/usr/bin/cc CMakeFiles/cmTC_04836.dir/src.c.o -o cmTC_04836 
gmake[1]: Leaving directory '/home/wmonacho/Documents/Project_42/In_Progress_Project/Snow-Crash/level02/wireshark-4.4.3/CMakeFiles/CMakeTmp'


Source file was:
int main(void) { return 0; }
Performing C SOURCE FILE Test C_Wstrict_prototypes_VALID succeeded with the following output:
Change Dir: /home/wmonacho/Documents/Project_42/In_Progress_Project/Snow-Crash/level02/wireshark-4.4.3/CMakeFiles/CMakeTmp

Run Build Command(s):/usr/bin/gmake -f Makefile cmTC_f7c72/fast && /usr/bin/gmake  -f CMakeFiles/cmTC_f7c72.dir/build.make CMakeFiles/cmTC_f7c72.dir/build
gmake[1]: Entering directory '/home/wmonacho/Documents/Project_42/In_Progress_Project/Snow-Crash/level02/wireshark-4.4.3/CMakeFiles/CMakeTmp'
Building C object CMakeFiles/cmTC_f7c72.dir/src.c.o
/usr/bin/cc -DC_Wstrict_prototypes_VALID  -fPIE    -Wall -Wextra -Wpointer-arith -Wformat-security -fno-strict-overflow -Wvla -Wattributes -Wpragmas -Wheader-guard -Wcomma -Wshorten-64-to-32 -Wredundant-decls -Wunreachable-code -Wdocumentation -Wno-error=deprecated-declarations -Wframe-larger-than=32768 -Wshadow -Wold-style-definition -Wstrict-prototypes -std=gnu11 -MD -MT CMakeFiles/cmTC_f7c72.dir/src.c.o -MF CMakeFiles/cmTC_f7c72.dir/src.c.o.d -o CMakeFiles/cmTC_f7c72.dir/src.c.o -c /home/wmonacho/Documents/Project_42/In_Progress_Project/Snow-Crash/level02/wireshark-4.4.3/CMakeFiles/CMakeTmp/src.c
Linking C executable cmTC_f7c72
/usr/bin/cmake -E cmake_link_script CMakeFiles/cmTC_f7c72.dir/link.txt --verbose=1
/usr/bin/cc CMakeFiles/cmTC_f7c72.dir/src.c.o -o cmTC_f7c72 
gmake[1]: Leaving directory '/home/wmonacho/Documents/Project_42/In_Progress_Project/Snow-Crash/level02/wireshark-4.4.3/CMakeFiles/CMakeTmp'


Source file was:
int main(void) { return 0; }
Performing C SOURCE FILE Test C_Wno_pointer_sign_VALID succeeded with the following output:
Change Dir: /home/wmonacho/Documents/Project_42/In_Progress_Project/Snow-Crash/level02/wireshark-4.4.3/CMakeFiles/CMakeTmp

Run Build Command(s):/usr/bin/gmake -f Makefile cmTC_f2735/fast && /usr/bin/gmake  -f CMakeFiles/cmTC_f2735.dir/build.make CMakeFiles/cmTC_f2735.dir/build
gmake[1]: Entering directory '/home/wmonacho/Documents/Project_42/In_Progress_Project/Snow-Crash/level02/wireshark-4.4.3/CMakeFiles/CMakeTmp'
Building C object CMakeFiles/cmTC_f2735.dir/src.c.o
/usr/bin/cc -DC_Wno_pointer_sign_VALID  -fPIE    -Wall -Wextra -Wpointer-arith -Wformat-security -fno-strict-overflow -Wvla -Wattributes -Wpragmas -Wheader-guard -Wcomma -Wshorten-64-to-32 -Wredundant-decls -Wunreachable-code -Wdocumentation -Wno-error=deprecated-declarations -Wframe-larger-than=32768 -Wshadow -Wold-style-definition -Wstrict-prototypes -Wno-pointer-sign -std=gnu11 -MD -MT CMakeFiles/cmTC_f2735.dir/src.c.o -MF CMakeFiles/cmTC_f2735.dir/src.c.o.d -o CMakeFiles/cmTC_f2735.dir/src.c.o -c /home/wmonacho/Documents/Project_42/In_Progress_Project/Snow-Crash/level02/wireshark-4.4.3/CMakeFiles/CMakeTmp/src.c
Linking C executable cmTC_f2735
/usr/bin/cmake -E cmake_link_script CMakeFiles/cmTC_f2735.dir/link.txt --verbose=1
/usr/bin/cc CMakeFiles/cmTC_f2735.dir/src.c.o -o cmTC_f2735 
gmake[1]: Leaving directory '/home/wmonacho/Documents/Project_42/In_Progress_Project/Snow-Crash/level02/wireshark-4.4.3/CMakeFiles/CMakeTmp'


Source file was:
int main(void) { return 0; }
Performing C++ SOURCE FILE Test CXX_Wall_VALID succeeded with the following output:
Change Dir: /home/wmonacho/Documents/Project_42/In_Progress_Project/Snow-Crash/level02/wireshark-4.4.3/CMakeFiles/CMakeTmp

Run Build Command(s):/usr/bin/gmake -f Makefile cmTC_69c6d/fast && /usr/bin/gmake  -f CMakeFiles/cmTC_69c6d.dir/build.make CMakeFiles/cmTC_69c6d.dir/build
gmake[1]: Entering directory '/home/wmonacho/Documents/Project_42/In_Progress_Project/Snow-Crash/level02/wireshark-4.4.3/CMakeFiles/CMakeTmp'
Building CXX object CMakeFiles/cmTC_69c6d.dir/src.cxx.o
/usr/bin/c++ -DCXX_Wall_VALID  -fPIE    -Wall -std=c++11 -MD -MT CMakeFiles/cmTC_69c6d.dir/src.cxx.o -MF CMakeFiles/cmTC_69c6d.dir/src.cxx.o.d -o CMakeFiles/cmTC_69c6d.dir/src.cxx.o -c /home/wmonacho/Documents/Project_42/In_Progress_Project/Snow-Crash/level02/wireshark-4.4.3/CMakeFiles/CMakeTmp/src.cxx
Linking CXX executable cmTC_69c6d
/usr/bin/cmake -E cmake_link_script CMakeFiles/cmTC_69c6d.dir/link.txt --verbose=1
/usr/bin/c++ CMakeFiles/cmTC_69c6d.dir/src.cxx.o -o cmTC_69c6d 
gmake[1]: Leaving directory '/home/wmonacho/Documents/Project_42/In_Progress_Project/Snow-Crash/level02/wireshark-4.4.3/CMakeFiles/CMakeTmp'


Source file was:
int main() { return 0; }
Performing C++ SOURCE FILE Test CXX_Wextra_VALID succeeded with the following output:
Change Dir: /home/wmonacho/Documents/Project_42/In_Progress_Project/Snow-Crash/level02/wireshark-4.4.3/CMakeFiles/CMakeTmp

Run Build Command(s):/usr/bin/gmake -f Makefile cmTC_0c472/fast && /usr/bin/gmake  -f CMakeFiles/cmTC_0c472.dir/build.make CMakeFiles/cmTC_0c472.dir/build
gmake[1]: Entering directory '/home/wmonacho/Documents/Project_42/In_Progress_Project/Snow-Crash/level02/wireshark-4.4.3/CMakeFiles/CMakeTmp'
Building CXX object CMakeFiles/cmTC_0c472.dir/src.cxx.o
/usr/bin/c++ -DCXX_Wextra_VALID  -fPIE    -Wall -Wextra -std=c++11 -MD -MT CMakeFiles/cmTC_0c472.dir/src.cxx.o -MF CMakeFiles/cmTC_0c472.dir/src.cxx.o.d -o CMakeFiles/cmTC_0c472.dir/src.cxx.o -c /home/wmonacho/Documents/Project_42/In_Progress_Project/Snow-Crash/level02/wireshark-4.4.3/CMakeFiles/CMakeTmp/src.cxx
Linking CXX executable cmTC_0c472
/usr/bin/cmake -E cmake_link_script CMakeFiles/cmTC_0c472.dir/link.txt --verbose=1
/usr/bin/c++ CMakeFiles/cmTC_0c472.dir/src.cxx.o -o cmTC_0c472 
gmake[1]: Leaving directory '/home/wmonacho/Documents/Project_42/In_Progress_Project/Snow-Crash/level02/wireshark-4.4.3/CMakeFiles/CMakeTmp'


Source file was:
int main() { return 0; }
Performing C++ SOURCE FILE Test CXX_Wpointer_arith_VALID succeeded with the following output:
Change Dir: /home/wmonacho/Documents/Project_42/In_Progress_Project/Snow-Crash/level02/wireshark-4.4.3/CMakeFiles/CMakeTmp

Run Build Command(s):/usr/bin/gmake -f Makefile cmTC_edf95/fast && /usr/bin/gmake  -f CMakeFiles/cmTC_edf95.dir/build.make CMakeFiles/cmTC_edf95.dir/build
gmake[1]: Entering directory '/home/wmonacho/Documents/Project_42/In_Progress_Project/Snow-Crash/level02/wireshark-4.4.3/CMakeFiles/CMakeTmp'
Building CXX object CMakeFiles/cmTC_edf95.dir/src.cxx.o
/usr/bin/c++ -DCXX_Wpointer_arith_VALID  -fPIE    -Wall -Wextra -Wpointer-arith -std=c++11 -MD -MT CMakeFiles/cmTC_edf95.dir/src.cxx.o -MF CMakeFiles/cmTC_edf95.dir/src.cxx.o.d -o CMakeFiles/cmTC_edf95.dir/src.cxx.o -c /home/wmonacho/Documents/Project_42/In_Progress_Project/Snow-Crash/level02/wireshark-4.4.3/CMakeFiles/CMakeTmp/src.cxx
Linking CXX executable cmTC_edf95
/usr/bin/cmake -E cmake_link_script CMakeFiles/cmTC_edf95.dir/link.txt --verbose=1
/usr/bin/c++ CMakeFiles/cmTC_edf95.dir/src.cxx.o -o cmTC_edf95 
gmake[1]: Leaving directory '/home/wmonacho/Documents/Project_42/In_Progress_Project/Snow-Crash/level02/wireshark-4.4.3/CMakeFiles/CMakeTmp'


Source file was:
int main() { return 0; }
Performing C++ SOURCE FILE Test CXX_Wformat_security_VALID succeeded with the following output:
Change Dir: /home/wmonacho/Documents/Project_42/In_Progress_Project/Snow-Crash/level02/wireshark-4.4.3/CMakeFiles/CMakeTmp

Run Build Command(s):/usr/bin/gmake -f Makefile cmTC_6b1c9/fast && /usr/bin/gmake  -f CMakeFiles/cmTC_6b1c9.dir/build.make CMakeFiles/cmTC_6b1c9.dir/build
gmake[1]: Entering directory '/home/wmonacho/Documents/Project_42/In_Progress_Project/Snow-Crash/level02/wireshark-4.4.3/CMakeFiles/CMakeTmp'
Building CXX object CMakeFiles/cmTC_6b1c9.dir/src.cxx.o
/usr/bin/c++ -DCXX_Wformat_security_VALID  -fPIE    -Wall -Wextra -Wpointer-arith -Wformat-security -std=c++11 -MD -MT CMakeFiles/cmTC_6b1c9.dir/src.cxx.o -MF CMakeFiles/cmTC_6b1c9.dir/src.cxx.o.d -o CMakeFiles/cmTC_6b1c9.dir/src.cxx.o -c /home/wmonacho/Documents/Project_42/In_Progress_Project/Snow-Crash/level02/wireshark-4.4.3/CMakeFiles/CMakeTmp/src.cxx
Linking CXX executable cmTC_6b1c9
/usr/bin/cmake -E cmake_link_script CMakeFiles/cmTC_6b1c9.dir/link.txt --verbose=1
/usr/bin/c++ CMakeFiles/cmTC_6b1c9.dir/src.cxx.o -o cmTC_6b1c9 
gmake[1]: Leaving directory '/home/wmonacho/Documents/Project_42/In_Progress_Project/Snow-Crash/level02/wireshark-4.4.3/CMakeFiles/CMakeTmp'


Source file was:
int main() { return 0; }
Performing C++ SOURCE FILE Test CXX_fno_strict_overflow_VALID succeeded with the following output:
Change Dir: /home/wmonacho/Documents/Project_42/In_Progress_Project/Snow-Crash/level02/wireshark-4.4.3/CMakeFiles/CMakeTmp

Run Build Command(s):/usr/bin/gmake -f Makefile cmTC_9469d/fast && /usr/bin/gmake  -f CMakeFiles/cmTC_9469d.dir/build.make CMakeFiles/cmTC_9469d.dir/build
gmake[1]: Entering directory '/home/wmonacho/Documents/Project_42/In_Progress_Project/Snow-Crash/level02/wireshark-4.4.3/CMakeFiles/CMakeTmp'
Building CXX object CMakeFiles/cmTC_9469d.dir/src.cxx.o
/usr/bin/c++ -DCXX_fno_strict_overflow_VALID  -fPIE    -Wall -Wextra -Wpointer-arith -Wformat-security -fno-strict-overflow -std=c++11 -MD -MT CMakeFiles/cmTC_9469d.dir/src.cxx.o -MF CMakeFiles/cmTC_9469d.dir/src.cxx.o.d -o CMakeFiles/cmTC_9469d.dir/src.cxx.o -c /home/wmonacho/Documents/Project_42/In_Progress_Project/Snow-Crash/level02/wireshark-4.4.3/CMakeFiles/CMakeTmp/src.cxx
Linking CXX executable cmTC_9469d
/usr/bin/cmake -E cmake_link_script CMakeFiles/cmTC_9469d.dir/link.txt --verbose=1
/usr/bin/c++ CMakeFiles/cmTC_9469d.dir/src.cxx.o -o cmTC_9469d 
gmake[1]: Leaving directory '/home/wmonacho/Documents/Project_42/In_Progress_Project/Snow-Crash/level02/wireshark-4.4.3/CMakeFiles/CMakeTmp'


Source file was:
int main() { return 0; }
Performing C++ SOURCE FILE Test CXX_Wvla_VALID succeeded with the following output:
Change Dir: /home/wmonacho/Documents/Project_42/In_Progress_Project/Snow-Crash/level02/wireshark-4.4.3/CMakeFiles/CMakeTmp

Run Build Command(s):/usr/bin/gmake -f Makefile cmTC_33f8c/fast && /usr/bin/gmake  -f CMakeFiles/cmTC_33f8c.dir/build.make CMakeFiles/cmTC_33f8c.dir/build
gmake[1]: Entering directory '/home/wmonacho/Documents/Project_42/In_Progress_Project/Snow-Crash/level02/wireshark-4.4.3/CMakeFiles/CMakeTmp'
Building CXX object CMakeFiles/cmTC_33f8c.dir/src.cxx.o
/usr/bin/c++ -DCXX_Wvla_VALID  -fPIE    -Wall -Wextra -Wpointer-arith -Wformat-security -fno-strict-overflow -Wvla -std=c++11 -MD -MT CMakeFiles/cmTC_33f8c.dir/src.cxx.o -MF CMakeFiles/cmTC_33f8c.dir/src.cxx.o.d -o CMakeFiles/cmTC_33f8c.dir/src.cxx.o -c /home/wmonacho/Documents/Project_42/In_Progress_Project/Snow-Crash/level02/wireshark-4.4.3/CMakeFiles/CMakeTmp/src.cxx
Linking CXX executable cmTC_33f8c
/usr/bin/cmake -E cmake_link_script CMakeFiles/cmTC_33f8c.dir/link.txt --verbose=1
/usr/bin/c++ CMakeFiles/cmTC_33f8c.dir/src.cxx.o -o cmTC_33f8c 
gmake[1]: Leaving directory '/home/wmonacho/Documents/Project_42/In_Progress_Project/Snow-Crash/level02/wireshark-4.4.3/CMakeFiles/CMakeTmp'


Source file was:
int main() { return 0; }
Performing C++ SOURCE FILE Test CXX_Wattributes_VALID succeeded with the following output:
Change Dir: /home/wmonacho/Documents/Project_42/In_Progress_Project/Snow-Crash/level02/wireshark-4.4.3/CMakeFiles/CMakeTmp

Run Build Command(s):/usr/bin/gmake -f Makefile cmTC_49f46/fast && /usr/bin/gmake  -f CMakeFiles/cmTC_49f46.dir/build.make CMakeFiles/cmTC_49f46.dir/build
gmake[1]: Entering directory '/home/wmonacho/Documents/Project_42/In_Progress_Project/Snow-Crash/level02/wireshark-4.4.3/CMakeFiles/CMakeTmp'
Building CXX object CMakeFiles/cmTC_49f46.dir/src.cxx.o
/usr/bin/c++ -DCXX_Wattributes_VALID  -fPIE    -Wall -Wextra -Wpointer-arith -Wformat-security -fno-strict-overflow -Wvla -Wattributes -std=c++11 -MD -MT CMakeFiles/cmTC_49f46.dir/src.cxx.o -MF CMakeFiles/cmTC_49f46.dir/src.cxx.o.d -o CMakeFiles/cmTC_49f46.dir/src.cxx.o -c /home/wmonacho/Documents/Project_42/In_Progress_Project/Snow-Crash/level02/wireshark-4.4.3/CMakeFiles/CMakeTmp/src.cxx
Linking CXX executable cmTC_49f46
/usr/bin/cmake -E cmake_link_script CMakeFiles/cmTC_49f46.dir/link.txt --verbose=1
/usr/bin/c++ CMakeFiles/cmTC_49f46.dir/src.cxx.o -o cmTC_49f46 
gmake[1]: Leaving directory '/home/wmonacho/Documents/Project_42/In_Progress_Project/Snow-Crash/level02/wireshark-4.4.3/CMakeFiles/CMakeTmp'


Source file was:
int main() { return 0; }
Performing C++ SOURCE FILE Test CXX_Wpragmas_VALID succeeded with the following output:
Change Dir: /home/wmonacho/Documents/Project_42/In_Progress_Project/Snow-Crash/level02/wireshark-4.4.3/CMakeFiles/CMakeTmp

Run Build Command(s):/usr/bin/gmake -f Makefile cmTC_ee26d/fast && /usr/bin/gmake  -f CMakeFiles/cmTC_ee26d.dir/build.make CMakeFiles/cmTC_ee26d.dir/build
gmake[1]: Entering directory '/home/wmonacho/Documents/Project_42/In_Progress_Project/Snow-Crash/level02/wireshark-4.4.3/CMakeFiles/CMakeTmp'
Building CXX object CMakeFiles/cmTC_ee26d.dir/src.cxx.o
/usr/bin/c++ -DCXX_Wpragmas_VALID  -fPIE    -Wall -Wextra -Wpointer-arith -Wformat-security -fno-strict-overflow -Wvla -Wattributes -Wpragmas -std=c++11 -MD -MT CMakeFiles/cmTC_ee26d.dir/src.cxx.o -MF CMakeFiles/cmTC_ee26d.dir/src.cxx.o.d -o CMakeFiles/cmTC_ee26d.dir/src.cxx.o -c /home/wmonacho/Documents/Project_42/In_Progress_Project/Snow-Crash/level02/wireshark-4.4.3/CMakeFiles/CMakeTmp/src.cxx
Linking CXX executable cmTC_ee26d
/usr/bin/cmake -E cmake_link_script CMakeFiles/cmTC_ee26d.dir/link.txt --verbose=1
/usr/bin/c++ CMakeFiles/cmTC_ee26d.dir/src.cxx.o -o cmTC_ee26d 
gmake[1]: Leaving directory '/home/wmonacho/Documents/Project_42/In_Progress_Project/Snow-Crash/level02/wireshark-4.4.3/CMakeFiles/CMakeTmp'


Source file was:
int main() { return 0; }
Performing C++ SOURCE FILE Test CXX_Wheader_guard_VALID succeeded with the following output:
Change Dir: /home/wmonacho/Documents/Project_42/In_Progress_Project/Snow-Crash/level02/wireshark-4.4.3/CMakeFiles/CMakeTmp

Run Build Command(s):/usr/bin/gmake -f Makefile cmTC_36153/fast && /usr/bin/gmake  -f CMakeFiles/cmTC_36153.dir/build.make CMakeFiles/cmTC_36153.dir/build
gmake[1]: Entering directory '/home/wmonacho/Documents/Project_42/In_Progress_Project/Snow-Crash/level02/wireshark-4.4.3/CMakeFiles/CMakeTmp'
Building CXX object CMakeFiles/cmTC_36153.dir/src.cxx.o
/usr/bin/c++ -DCXX_Wheader_guard_VALID  -fPIE    -Wall -Wextra -Wpointer-arith -Wformat-security -fno-strict-overflow -Wvla -Wattributes -Wpragmas -Wheader-guard -std=c++11 -MD -MT CMakeFiles/cmTC_36153.dir/src.cxx.o -MF CMakeFiles/cmTC_36153.dir/src.cxx.o.d -o CMakeFiles/cmTC_36153.dir/src.cxx.o -c /home/wmonacho/Documents/Project_42/In_Progress_Project/Snow-Crash/level02/wireshark-4.4.3/CMakeFiles/CMakeTmp/src.cxx
Linking CXX executable cmTC_36153
/usr/bin/cmake -E cmake_link_script CMakeFiles/cmTC_36153.dir/link.txt --verbose=1
/usr/bin/c++ CMakeFiles/cmTC_36153.dir/src.cxx.o -o cmTC_36153 
gmake[1]: Leaving directory '/home/wmonacho/Documents/Project_42/In_Progress_Project/Snow-Crash/level02/wireshark-4.4.3/CMakeFiles/CMakeTmp'


Source file was:
int main() { return 0; }
Performing C++ SOURCE FILE Test CXX_Wcomma_VALID succeeded with the following output:
Change Dir: /home/wmonacho/Documents/Project_42/In_Progress_Project/Snow-Crash/level02/wireshark-4.4.3/CMakeFiles/CMakeTmp

Run Build Command(s):/usr/bin/gmake -f Makefile cmTC_09ca1/fast && /usr/bin/gmake  -f CMakeFiles/cmTC_09ca1.dir/build.make CMakeFiles/cmTC_09ca1.dir/build
gmake[1]: Entering directory '/home/wmonacho/Documents/Project_42/In_Progress_Project/Snow-Crash/level02/wireshark-4.4.3/CMakeFiles/CMakeTmp'
Building CXX object CMakeFiles/cmTC_09ca1.dir/src.cxx.o
/usr/bin/c++ -DCXX_Wcomma_VALID  -fPIE    -Wall -Wextra -Wpointer-arith -Wformat-security -fno-strict-overflow -Wvla -Wattributes -Wpragmas -Wheader-guard -Wcomma -std=c++11 -MD -MT CMakeFiles/cmTC_09ca1.dir/src.cxx.o -MF CMakeFiles/cmTC_09ca1.dir/src.cxx.o.d -o CMakeFiles/cmTC_09ca1.dir/src.cxx.o -c /home/wmonacho/Documents/Project_42/In_Progress_Project/Snow-Crash/level02/wireshark-4.4.3/CMakeFiles/CMakeTmp/src.cxx
Linking CXX executable cmTC_09ca1
/usr/bin/cmake -E cmake_link_script CMakeFiles/cmTC_09ca1.dir/link.txt --verbose=1
/usr/bin/c++ CMakeFiles/cmTC_09ca1.dir/src.cxx.o -o cmTC_09ca1 
gmake[1]: Leaving directory '/home/wmonacho/Documents/Project_42/In_Progress_Project/Snow-Crash/level02/wireshark-4.4.3/CMakeFiles/CMakeTmp'


Source file was:
int main() { return 0; }
Performing C++ SOURCE FILE Test CXX_Wshorten_64_to_32_VALID succeeded with the following output:
Change Dir: /home/wmonacho/Documents/Project_42/In_Progress_Project/Snow-Crash/level02/wireshark-4.4.3/CMakeFiles/CMakeTmp

Run Build Command(s):/usr/bin/gmake -f Makefile cmTC_b0c61/fast && /usr/bin/gmake  -f CMakeFiles/cmTC_b0c61.dir/build.make CMakeFiles/cmTC_b0c61.dir/build
gmake[1]: Entering directory '/home/wmonacho/Documents/Project_42/In_Progress_Project/Snow-Crash/level02/wireshark-4.4.3/CMakeFiles/CMakeTmp'
Building CXX object CMakeFiles/cmTC_b0c61.dir/src.cxx.o
/usr/bin/c++ -DCXX_Wshorten_64_to_32_VALID  -fPIE    -Wall -Wextra -Wpointer-arith -Wformat-security -fno-strict-overflow -Wvla -Wattributes -Wpragmas -Wheader-guard -Wcomma -Wshorten-64-to-32 -std=c++11 -MD -MT CMakeFiles/cmTC_b0c61.dir/src.cxx.o -MF CMakeFiles/cmTC_b0c61.dir/src.cxx.o.d -o CMakeFiles/cmTC_b0c61.dir/src.cxx.o -c /home/wmonacho/Documents/Project_42/In_Progress_Project/Snow-Crash/level02/wireshark-4.4.3/CMakeFiles/CMakeTmp/src.cxx
Linking CXX executable cmTC_b0c61
/usr/bin/cmake -E cmake_link_script CMakeFiles/cmTC_b0c61.dir/link.txt --verbose=1
/usr/bin/c++ CMakeFiles/cmTC_b0c61.dir/src.cxx.o -o cmTC_b0c61 
gmake[1]: Leaving directory '/home/wmonacho/Documents/Project_42/In_Progress_Project/Snow-Crash/level02/wireshark-4.4.3/CMakeFiles/CMakeTmp'


Source file was:
int main() { return 0; }
Performing C++ SOURCE FILE Test CXX_Wredundant_decls_VALID succeeded with the following output:
Change Dir: /home/wmonacho/Documents/Project_42/In_Progress_Project/Snow-Crash/level02/wireshark-4.4.3/CMakeFiles/CMakeTmp

Run Build Command(s):/usr/bin/gmake -f Makefile cmTC_aa5f0/fast && /usr/bin/gmake  -f CMakeFiles/cmTC_aa5f0.dir/build.make CMakeFiles/cmTC_aa5f0.dir/build
gmake[1]: Entering directory '/home/wmonacho/Documents/Project_42/In_Progress_Project/Snow-Crash/level02/wireshark-4.4.3/CMakeFiles/CMakeTmp'
Building CXX object CMakeFiles/cmTC_aa5f0.dir/src.cxx.o
/usr/bin/c++ -DCXX_Wredundant_decls_VALID  -fPIE    -Wall -Wextra -Wpointer-arith -Wformat-security -fno-strict-overflow -Wvla -Wattributes -Wpragmas -Wheader-guard -Wcomma -Wshorten-64-to-32 -Wredundant-decls -std=c++11 -MD -MT CMakeFiles/cmTC_aa5f0.dir/src.cxx.o -MF CMakeFiles/cmTC_aa5f0.dir/src.cxx.o.d -o CMakeFiles/cmTC_aa5f0.dir/src.cxx.o -c /home/wmonacho/Documents/Project_42/In_Progress_Project/Snow-Crash/level02/wireshark-4.4.3/CMakeFiles/CMakeTmp/src.cxx
Linking CXX executable cmTC_aa5f0
/usr/bin/cmake -E cmake_link_script CMakeFiles/cmTC_aa5f0.dir/link.txt --verbose=1
/usr/bin/c++ CMakeFiles/cmTC_aa5f0.dir/src.cxx.o -o cmTC_aa5f0 
gmake[1]: Leaving directory '/home/wmonacho/Documents/Project_42/In_Progress_Project/Snow-Crash/level02/wireshark-4.4.3/CMakeFiles/CMakeTmp'


Source file was:
int main() { return 0; }
Performing C++ SOURCE FILE Test CXX_Wunreachable_code_VALID succeeded with the following output:
Change Dir: /home/wmonacho/Documents/Project_42/In_Progress_Project/Snow-Crash/level02/wireshark-4.4.3/CMakeFiles/CMakeTmp

Run Build Command(s):/usr/bin/gmake -f Makefile cmTC_52c1d/fast && /usr/bin/gmake  -f CMakeFiles/cmTC_52c1d.dir/build.make CMakeFiles/cmTC_52c1d.dir/build
gmake[1]: Entering directory '/home/wmonacho/Documents/Project_42/In_Progress_Project/Snow-Crash/level02/wireshark-4.4.3/CMakeFiles/CMakeTmp'
Building CXX object CMakeFiles/cmTC_52c1d.dir/src.cxx.o
/usr/bin/c++ -DCXX_Wunreachable_code_VALID  -fPIE    -Wall -Wextra -Wpointer-arith -Wformat-security -fno-strict-overflow -Wvla -Wattributes -Wpragmas -Wheader-guard -Wcomma -Wshorten-64-to-32 -Wredundant-decls -Wunreachable-code -std=c++11 -MD -MT CMakeFiles/cmTC_52c1d.dir/src.cxx.o -MF CMakeFiles/cmTC_52c1d.dir/src.cxx.o.d -o CMakeFiles/cmTC_52c1d.dir/src.cxx.o -c /home/wmonacho/Documents/Project_42/In_Progress_Project/Snow-Crash/level02/wireshark-4.4.3/CMakeFiles/CMakeTmp/src.cxx
Linking CXX executable cmTC_52c1d
/usr/bin/cmake -E cmake_link_script CMakeFiles/cmTC_52c1d.dir/link.txt --verbose=1
/usr/bin/c++ CMakeFiles/cmTC_52c1d.dir/src.cxx.o -o cmTC_52c1d 
gmake[1]: Leaving directory '/home/wmonacho/Documents/Project_42/In_Progress_Project/Snow-Crash/level02/wireshark-4.4.3/CMakeFiles/CMakeTmp'


Source file was:
int main() { return 0; }
Performing C++ SOURCE FILE Test CXX_Wdocumentation_VALID succeeded with the following output:
Change Dir: /home/wmonacho/Documents/Project_42/In_Progress_Project/Snow-Crash/level02/wireshark-4.4.3/CMakeFiles/CMakeTmp

Run Build Command(s):/usr/bin/gmake -f Makefile cmTC_e59c0/fast && /usr/bin/gmake  -f CMakeFiles/cmTC_e59c0.dir/build.make CMakeFiles/cmTC_e59c0.dir/build
gmake[1]: Entering directory '/home/wmonacho/Documents/Project_42/In_Progress_Project/Snow-Crash/level02/wireshark-4.4.3/CMakeFiles/CMakeTmp'
Building CXX object CMakeFiles/cmTC_e59c0.dir/src.cxx.o
/usr/bin/c++ -DCXX_Wdocumentation_VALID  -fPIE    -Wall -Wextra -Wpointer-arith -Wformat-security -fno-strict-overflow -Wvla -Wattributes -Wpragmas -Wheader-guard -Wcomma -Wshorten-64-to-32 -Wredundant-decls -Wunreachable-code -Wdocumentation -std=c++11 -MD -MT CMakeFiles/cmTC_e59c0.dir/src.cxx.o -MF CMakeFiles/cmTC_e59c0.dir/src.cxx.o.d -o CMakeFiles/cmTC_e59c0.dir/src.cxx.o -c /home/wmonacho/Documents/Project_42/In_Progress_Project/Snow-Crash/level02/wireshark-4.4.3/CMakeFiles/CMakeTmp/src.cxx
Linking CXX executable cmTC_e59c0
/usr/bin/cmake -E cmake_link_script CMakeFiles/cmTC_e59c0.dir/link.txt --verbose=1
/usr/bin/c++ CMakeFiles/cmTC_e59c0.dir/src.cxx.o -o cmTC_e59c0 
gmake[1]: Leaving directory '/home/wmonacho/Documents/Project_42/In_Progress_Project/Snow-Crash/level02/wireshark-4.4.3/CMakeFiles/CMakeTmp'


Source file was:
int main() { return 0; }
Performing C++ SOURCE FILE Test CXX_Wno_error_deprecated_declarations_VALID succeeded with the following output:
Change Dir: /home/wmonacho/Documents/Project_42/In_Progress_Project/Snow-Crash/level02/wireshark-4.4.3/CMakeFiles/CMakeTmp

Run Build Command(s):/usr/bin/gmake -f Makefile cmTC_c4658/fast && /usr/bin/gmake  -f CMakeFiles/cmTC_c4658.dir/build.make CMakeFiles/cmTC_c4658.dir/build
gmake[1]: Entering directory '/home/wmonacho/Documents/Project_42/In_Progress_Project/Snow-Crash/level02/wireshark-4.4.3/CMakeFiles/CMakeTmp'
Building CXX object CMakeFiles/cmTC_c4658.dir/src.cxx.o
/usr/bin/c++ -DCXX_Wno_error_deprecated_declarations_VALID  -fPIE    -Wall -Wextra -Wpointer-arith -Wformat-security -fno-strict-overflow -Wvla -Wattributes -Wpragmas -Wheader-guard -Wcomma -Wshorten-64-to-32 -Wredundant-decls -Wunreachable-code -Wdocumentation -Wno-error=deprecated-declarations -std=c++11 -MD -MT CMakeFiles/cmTC_c4658.dir/src.cxx.o -MF CMakeFiles/cmTC_c4658.dir/src.cxx.o.d -o CMakeFiles/cmTC_c4658.dir/src.cxx.o -c /home/wmonacho/Documents/Project_42/In_Progress_Project/Snow-Crash/level02/wireshark-4.4.3/CMakeFiles/CMakeTmp/src.cxx
Linking CXX executable cmTC_c4658
/usr/bin/cmake -E cmake_link_script CMakeFiles/cmTC_c4658.dir/link.txt --verbose=1
/usr/bin/c++ CMakeFiles/cmTC_c4658.dir/src.cxx.o -o cmTC_c4658 
gmake[1]: Leaving directory '/home/wmonacho/Documents/Project_42/In_Progress_Project/Snow-Crash/level02/wireshark-4.4.3/CMakeFiles/CMakeTmp'


Source file was:
int main() { return 0; }
Performing C++ SOURCE FILE Test CXX_Wframe_larger_than_32768_VALID succeeded with the following output:
Change Dir: /home/wmonacho/Documents/Project_42/In_Progress_Project/Snow-Crash/level02/wireshark-4.4.3/CMakeFiles/CMakeTmp

Run Build Command(s):/usr/bin/gmake -f Makefile cmTC_1be20/fast && /usr/bin/gmake  -f CMakeFiles/cmTC_1be20.dir/build.make CMakeFiles/cmTC_1be20.dir/build
gmake[1]: Entering directory '/home/wmonacho/Documents/Project_42/In_Progress_Project/Snow-Crash/level02/wireshark-4.4.3/CMakeFiles/CMakeTmp'
Building CXX object CMakeFiles/cmTC_1be20.dir/src.cxx.o
/usr/bin/c++ -DCXX_Wframe_larger_than_32768_VALID  -fPIE    -Wall -Wextra -Wpointer-arith -Wformat-security -fno-strict-overflow -Wvla -Wattributes -Wpragmas -Wheader-guard -Wcomma -Wshorten-64-to-32 -Wredundant-decls -Wunreachable-code -Wdocumentation -Wno-error=deprecated-declarations -Wframe-larger-than=32768 -std=c++11 -MD -MT CMakeFiles/cmTC_1be20.dir/src.cxx.o -MF CMakeFiles/cmTC_1be20.dir/src.cxx.o.d -o CMakeFiles/cmTC_1be20.dir/src.cxx.o -c /home/wmonacho/Documents/Project_42/In_Progress_Project/Snow-Crash/level02/wireshark-4.4.3/CMakeFiles/CMakeTmp/src.cxx
Linking CXX executable cmTC_1be20
/usr/bin/cmake -E cmake_link_script CMakeFiles/cmTC_1be20.dir/link.txt --verbose=1
/usr/bin/c++ CMakeFiles/cmTC_1be20.dir/src.cxx.o -o cmTC_1be20 
gmake[1]: Leaving directory '/home/wmonacho/Documents/Project_42/In_Progress_Project/Snow-Crash/level02/wireshark-4.4.3/CMakeFiles/CMakeTmp'


Source file was:
int main() { return 0; }
Performing C++ SOURCE FILE Test CXX_Wextra_semi_VALID succeeded with the following output:
Change Dir: /home/wmonacho/Documents/Project_42/In_Progress_Project/Snow-Crash/level02/wireshark-4.4.3/CMakeFiles/CMakeTmp

Run Build Command(s):/usr/bin/gmake -f Makefile cmTC_ff2ab/fast && /usr/bin/gmake  -f CMakeFiles/cmTC_ff2ab.dir/build.make CMakeFiles/cmTC_ff2ab.dir/build
gmake[1]: Entering directory '/home/wmonacho/Documents/Project_42/In_Progress_Project/Snow-Crash/level02/wireshark-4.4.3/CMakeFiles/CMakeTmp'
Building CXX object CMakeFiles/cmTC_ff2ab.dir/src.cxx.o
/usr/bin/c++ -DCXX_Wextra_semi_VALID  -fPIE    -Wall -Wextra -Wpointer-arith -Wformat-security -fno-strict-overflow -Wvla -Wattributes -Wpragmas -Wheader-guard -Wcomma -Wshorten-64-to-32 -Wredundant-decls -Wunreachable-code -Wdocumentation -Wno-error=deprecated-declarations -Wframe-larger-than=32768 -Wextra-semi -std=c++11 -MD -MT CMakeFiles/cmTC_ff2ab.dir/src.cxx.o -MF CMakeFiles/cmTC_ff2ab.dir/src.cxx.o.d -o CMakeFiles/cmTC_ff2ab.dir/src.cxx.o -c /home/wmonacho/Documents/Project_42/In_Progress_Project/Snow-Crash/level02/wireshark-4.4.3/CMakeFiles/CMakeTmp/src.cxx
Linking CXX executable cmTC_ff2ab
/usr/bin/cmake -E cmake_link_script CMakeFiles/cmTC_ff2ab.dir/link.txt --verbose=1
/usr/bin/c++ CMakeFiles/cmTC_ff2ab.dir/src.cxx.o -o cmTC_ff2ab 
gmake[1]: Leaving directory '/home/wmonacho/Documents/Project_42/In_Progress_Project/Snow-Crash/level02/wireshark-4.4.3/CMakeFiles/CMakeTmp'


Source file was:
int main() { return 0; }
Performing C SOURCE FILE Test C_fmacro_prefix_map_old_new_VALID succeeded with the following output:
Change Dir: /home/wmonacho/Documents/Project_42/In_Progress_Project/Snow-Crash/level02/wireshark-4.4.3/CMakeFiles/CMakeTmp

Run Build Command(s):/usr/bin/gmake -f Makefile cmTC_8a6ed/fast && /usr/bin/gmake  -f CMakeFiles/cmTC_8a6ed.dir/build.make CMakeFiles/cmTC_8a6ed.dir/build
gmake[1]: Entering directory '/home/wmonacho/Documents/Project_42/In_Progress_Project/Snow-Crash/level02/wireshark-4.4.3/CMakeFiles/CMakeTmp'
Building C object CMakeFiles/cmTC_8a6ed.dir/src.c.o
/usr/bin/cc -DC_fmacro_prefix_map_old_new_VALID  -Wall -Wextra -Wpointer-arith -Wformat-security -fno-strict-overflow -Wvla -Wattributes -Wpragmas -Wheader-guard -Wcomma -Wshorten-64-to-32 -Wredundant-decls -Wunreachable-code -Wdocumentation -Wno-error=deprecated-declarations -Wframe-larger-than=32768 -Wshadow -Wold-style-definition -Wstrict-prototypes -Wno-pointer-sign   -fPIE   -fmacro-prefix-map=old=new -std=gnu11 -MD -MT CMakeFiles/cmTC_8a6ed.dir/src.c.o -MF CMakeFiles/cmTC_8a6ed.dir/src.c.o.d -o CMakeFiles/cmTC_8a6ed.dir/src.c.o -c /home/wmonacho/Documents/Project_42/In_Progress_Project/Snow-Crash/level02/wireshark-4.4.3/CMakeFiles/CMakeTmp/src.c
Linking C executable cmTC_8a6ed
/usr/bin/cmake -E cmake_link_script CMakeFiles/cmTC_8a6ed.dir/link.txt --verbose=1
/usr/bin/cc  -Wall -Wextra -Wpointer-arith -Wformat-security -fno-strict-overflow -Wvla -Wattributes -Wpragmas -Wheader-guard -Wcomma -Wshorten-64-to-32 -Wredundant-decls -Wunreachable-code -Wdocumentation -Wno-error=deprecated-declarations -Wframe-larger-than=32768 -Wshadow -Wold-style-definition -Wstrict-prototypes -Wno-pointer-sign   CMakeFiles/cmTC_8a6ed.dir/src.c.o -o cmTC_8a6ed 
gmake[1]: Leaving directory '/home/wmonacho/Documents/Project_42/In_Progress_Project/Snow-Crash/level02/wireshark-4.4.3/CMakeFiles/CMakeTmp'


Source file was:
int main(void) { return 0; }
Performing C++ SOURCE FILE Test CXX_fmacro_prefix_map_old_new_VALID succeeded with the following output:
Change Dir: /home/wmonacho/Documents/Project_42/In_Progress_Project/Snow-Crash/level02/wireshark-4.4.3/CMakeFiles/CMakeTmp

Run Build Command(s):/usr/bin/gmake -f Makefile cmTC_da91e/fast && /usr/bin/gmake  -f CMakeFiles/cmTC_da91e.dir/build.make CMakeFiles/cmTC_da91e.dir/build
gmake[1]: Entering directory '/home/wmonacho/Documents/Project_42/In_Progress_Project/Snow-Crash/level02/wireshark-4.4.3/CMakeFiles/CMakeTmp'
Building CXX object CMakeFiles/cmTC_da91e.dir/src.cxx.o
/usr/bin/c++ -DCXX_fmacro_prefix_map_old_new_VALID  -Wall -Wextra -Wpointer-arith -Wformat-security -fno-strict-overflow -Wvla -Wattributes -Wpragmas -Wheader-guard -Wcomma -Wshorten-64-to-32 -Wredundant-decls -Wunreachable-code -Wdocumentation -Wno-error=deprecated-declarations -Wframe-larger-than=32768 -Wextra-semi   -fPIE   -fmacro-prefix-map=old=new -std=c++11 -MD -MT CMakeFiles/cmTC_da91e.dir/src.cxx.o -MF CMakeFiles/cmTC_da91e.dir/src.cxx.o.d -o CMakeFiles/cmTC_da91e.dir/src.cxx.o -c /home/wmonacho/Documents/Project_42/In_Progress_Project/Snow-Crash/level02/wireshark-4.4.3/CMakeFiles/CMakeTmp/src.cxx
Linking CXX executable cmTC_da91e
/usr/bin/cmake -E cmake_link_script CMakeFiles/cmTC_da91e.dir/link.txt --verbose=1
/usr/bin/c++  -Wall -Wextra -Wpointer-arith -Wformat-security -fno-strict-overflow -Wvla -Wattributes -Wpragmas -Wheader-guard -Wcomma -Wshorten-64-to-32 -Wredundant-decls -Wunreachable-code -Wdocumentation -Wno-error=deprecated-declarations -Wframe-larger-than=32768 -Wextra-semi   CMakeFiles/cmTC_da91e.dir/src.cxx.o -o cmTC_da91e 
gmake[1]: Leaving directory '/home/wmonacho/Documents/Project_42/In_Progress_Project/Snow-Crash/level02/wireshark-4.4.3/CMakeFiles/CMakeTmp'


Source file was:
int main() { return 0; }
Performing C SOURCE FILE Test FVHIDDEN succeeded with the following output:
Change Dir: /home/wmonacho/Documents/Project_42/In_Progress_Project/Snow-Crash/level02/wireshark-4.4.3/CMakeFiles/CMakeTmp

Run Build Command(s):/usr/bin/gmake -f Makefile cmTC_b6100/fast && /usr/bin/gmake  -f CMakeFiles/cmTC_b6100.dir/build.make CMakeFiles/cmTC_b6100.dir/build
gmake[1]: Entering directory '/home/wmonacho/Documents/Project_42/In_Progress_Project/Snow-Crash/level02/wireshark-4.4.3/CMakeFiles/CMakeTmp'
Building C object CMakeFiles/cmTC_b6100.dir/src.c.o
/usr/bin/cc -DFVHIDDEN  -Wall -Wextra -Wpointer-arith -Wformat-security -fno-strict-overflow -Wvla -Wattributes -Wpragmas -Wheader-guard -Wcomma -Wshorten-64-to-32 -Wredundant-decls -Wunreachable-code -Wdocumentation -Wno-error=deprecated-declarations -Wframe-larger-than=32768 -Wshadow -Wold-style-definition -Wstrict-prototypes -Wno-pointer-sign  -fmacro-prefix-map="/home/wmonacho/Documents/Project_42/In_Progress_Project/Snow-Crash/level02/wireshark-4.4.3/"= -fmacro-prefix-map="/home/wmonacho/Documents/Project_42/In_Progress_Project/Snow-Crash/level02/wireshark-4.4.3/"=  -fPIE   -fvisibility=hidden -std=gnu11 -MD -MT CMakeFiles/cmTC_b6100.dir/src.c.o -MF CMakeFiles/cmTC_b6100.dir/src.c.o.d -o CMakeFiles/cmTC_b6100.dir/src.c.o -c /home/wmonacho/Documents/Project_42/In_Progress_Project/Snow-Crash/level02/wireshark-4.4.3/CMakeFiles/CMakeTmp/src.c
Linking C executable cmTC_b6100
/usr/bin/cmake -E cmake_link_script CMakeFiles/cmTC_b6100.dir/link.txt --verbose=1
/usr/bin/cc  -Wall -Wextra -Wpointer-arith -Wformat-security -fno-strict-overflow -Wvla -Wattributes -Wpragmas -Wheader-guard -Wcomma -Wshorten-64-to-32 -Wredundant-decls -Wunreachable-code -Wdocumentation -Wno-error=deprecated-declarations -Wframe-larger-than=32768 -Wshadow -Wold-style-definition -Wstrict-prototypes -Wno-pointer-sign  -fmacro-prefix-map="/home/wmonacho/Documents/Project_42/In_Progress_Project/Snow-Crash/level02/wireshark-4.4.3/"= -fmacro-prefix-map="/home/wmonacho/Documents/Project_42/In_Progress_Project/Snow-Crash/level02/wireshark-4.4.3/"=  CMakeFiles/cmTC_b6100.dir/src.c.o -o cmTC_b6100 
gmake[1]: Leaving directory '/home/wmonacho/Documents/Project_42/In_Progress_Project/Snow-Crash/level02/wireshark-4.4.3/CMakeFiles/CMakeTmp'


Source file was:
int main(void) { return 0; }
Performing C SOURCE FILE Test LINK_Wl___as_needed_VALID succeeded with the following output:
Change Dir: /home/wmonacho/Documents/Project_42/In_Progress_Project/Snow-Crash/level02/wireshark-4.4.3/CMakeFiles/CMakeTmp

Run Build Command(s):/usr/bin/gmake -f Makefile cmTC_5d022/fast && /usr/bin/gmake  -f CMakeFiles/cmTC_5d022.dir/build.make CMakeFiles/cmTC_5d022.dir/build
gmake[1]: Entering directory '/home/wmonacho/Documents/Project_42/In_Progress_Project/Snow-Crash/level02/wireshark-4.4.3/CMakeFiles/CMakeTmp'
Building C object CMakeFiles/cmTC_5d022.dir/src.c.o
/usr/bin/cc -DLINK_Wl___as_needed_VALID  -fvisibility=hidden  -Wall -Wextra -Wpointer-arith -Wformat-security -fno-strict-overflow -Wvla -Wattributes -Wpragmas -Wheader-guard -Wcomma -Wshorten-64-to-32 -Wredundant-decls -Wunreachable-code -Wdocumentation -Wno-error=deprecated-declarations -Wframe-larger-than=32768 -Wshadow -Wold-style-definition -Wstrict-prototypes -Wno-pointer-sign  -fmacro-prefix-map="/home/wmonacho/Documents/Project_42/In_Progress_Project/Snow-Crash/level02/wireshark-4.4.3/"= -fmacro-prefix-map="/home/wmonacho/Documents/Project_42/In_Progress_Project/Snow-Crash/level02/wireshark-4.4.3/"=  -fPIE -std=gnu11 -MD -MT CMakeFiles/cmTC_5d022.dir/src.c.o -MF CMakeFiles/cmTC_5d022.dir/src.c.o.d -o CMakeFiles/cmTC_5d022.dir/src.c.o -c /home/wmonacho/Documents/Project_42/In_Progress_Project/Snow-Crash/level02/wireshark-4.4.3/CMakeFiles/CMakeTmp/src.c
Linking C executable cmTC_5d022
/usr/bin/cmake -E cmake_link_script CMakeFiles/cmTC_5d022.dir/link.txt --verbose=1
/usr/bin/cc -fvisibility=hidden  -Wall -Wextra -Wpointer-arith -Wformat-security -fno-strict-overflow -Wvla -Wattributes -Wpragmas -Wheader-guard -Wcomma -Wshorten-64-to-32 -Wredundant-decls -Wunreachable-code -Wdocumentation -Wno-error=deprecated-declarations -Wframe-larger-than=32768 -Wshadow -Wold-style-definition -Wstrict-prototypes -Wno-pointer-sign  -fmacro-prefix-map="/home/wmonacho/Documents/Project_42/In_Progress_Project/Snow-Crash/level02/wireshark-4.4.3/"= -fmacro-prefix-map="/home/wmonacho/Documents/Project_42/In_Progress_Project/Snow-Crash/level02/wireshark-4.4.3/"=  CMakeFiles/cmTC_5d022.dir/src.c.o -o cmTC_5d022  -Werror=unused-command-line-argument -Wl,--as-needed 
gmake[1]: Leaving directory '/home/wmonacho/Documents/Project_42/In_Progress_Project/Snow-Crash/level02/wireshark-4.4.3/CMakeFiles/CMakeTmp'


Source file was:
int main(void) { return 0;}
